This is pdfTeX, Version 3.14159265-2.6-1.40.16 (TeX Live 2015) (preloaded format=pdflatex 2015.5.24)  4 JUN 2021 10:20
entering extended mode
 restricted \write18 enabled.
 %&-line parsing enabled.
**among.tex
(./among.tex
LaTeX2e <2015/01/01>
Babel <3.9l> and hyphenation patterns for 79 languages loaded.
(/usr/local/texlive/2015/texmf-dist/tex/latex/base/article.cls
Document Class: article 2014/09/29 v1.4h Standard LaTeX document class
(/usr/local/texlive/2015/texmf-dist/tex/latex/base/size11.clo
File: size11.clo 2014/09/29 v1.4h Standard LaTeX file (size option)
)
\c@part=\count79
\c@section=\count80
\c@subsection=\count81
\c@subsubsection=\count82
\c@paragraph=\count83
\c@subparagraph=\count84
\c@figure=\count85
\c@table=\count86
\abovecaptionskip=\skip41
\belowcaptionskip=\skip42
\bibindent=\dimen102
)
(/usr/local/texlive/2015/texmf-dist/tex/latex/geometry/geometry.sty
Package: geometry 2010/09/12 v5.6 Page Geometry

(/usr/local/texlive/2015/texmf-dist/tex/latex/graphics/keyval.sty
Package: keyval 2014/10/28 v1.15 key=value parser (DPC)
\KV@toks@=\toks14
)
(/usr/local/texlive/2015/texmf-dist/tex/generic/oberdiek/ifpdf.sty
Package: ifpdf 2011/01/30 v2.3 Provides the ifpdf switch (HO)
Package ifpdf Info: pdfTeX in PDF mode is detected.
)
(/usr/local/texlive/2015/texmf-dist/tex/generic/oberdiek/ifvtex.sty
Package: ifvtex 2010/03/01 v1.5 Detect VTeX and its facilities (HO)
Package ifvtex Info: VTeX not detected.
)
(/usr/local/texlive/2015/texmf-dist/tex/generic/ifxetex/ifxetex.sty
Package: ifxetex 2010/09/12 v0.6 Provides ifxetex conditional
)
\Gm@cnth=\count87
\Gm@cntv=\count88
\c@Gm@tempcnt=\count89
\Gm@bindingoffset=\dimen103
\Gm@wd@mp=\dimen104
\Gm@odd@mp=\dimen105
\Gm@even@mp=\dimen106
\Gm@layoutwidth=\dimen107
\Gm@layoutheight=\dimen108
\Gm@layouthoffset=\dimen109
\Gm@layoutvoffset=\dimen110
\Gm@dimlist=\toks15
)
(/usr/local/texlive/2015/texmf-dist/tex/latex/graphics/graphicx.sty
Package: graphicx 2014/10/28 v1.0g Enhanced LaTeX Graphics (DPC,SPQR)

(/usr/local/texlive/2015/texmf-dist/tex/latex/graphics/graphics.sty
Package: graphics 2014/10/28 v1.0p Standard LaTeX Graphics (DPC,SPQR)

(/usr/local/texlive/2015/texmf-dist/tex/latex/graphics/trig.sty
Package: trig 1999/03/16 v1.09 sin cos tan (DPC)
)
(/usr/local/texlive/2015/texmf-dist/tex/latex/latexconfig/graphics.cfg
File: graphics.cfg 2010/04/23 v1.9 graphics configuration of TeX Live
)
Package graphics Info: Driver file: pdftex.def on input line 94.

(/usr/local/texlive/2015/texmf-dist/tex/latex/pdftex-def/pdftex.def
File: pdftex.def 2011/05/27 v0.06d Graphics/color for pdfTeX

(/usr/local/texlive/2015/texmf-dist/tex/generic/oberdiek/infwarerr.sty
Package: infwarerr 2010/04/08 v1.3 Providing info/warning/error messages (HO)
)
(/usr/local/texlive/2015/texmf-dist/tex/generic/oberdiek/ltxcmds.sty
Package: ltxcmds 2011/11/09 v1.22 LaTeX kernel commands for general use (HO)
)
\Gread@gobject=\count90
))
\Gin@req@height=\dimen111
\Gin@req@width=\dimen112
)
(/usr/local/texlive/2015/texmf-dist/tex/latex/amsfonts/amssymb.sty
Package: amssymb 2013/01/14 v3.01 AMS font symbols

(/usr/local/texlive/2015/texmf-dist/tex/latex/amsfonts/amsfonts.sty
Package: amsfonts 2013/01/14 v3.01 Basic AMSFonts support
\@emptytoks=\toks16
\symAMSa=\mathgroup4
\symAMSb=\mathgroup5
LaTeX Font Info:    Overwriting math alphabet `\mathfrak' in version `bold'
(Font)                  U/euf/m/n --> U/euf/b/n on input line 106.
))
(/usr/local/texlive/2015/texmf-dist/tex/latex/amsmath/amsmath.sty
Package: amsmath 2013/01/14 v2.14 AMS math features
\@mathmargin=\skip43

For additional information on amsmath, use the `?' option.
(/usr/local/texlive/2015/texmf-dist/tex/latex/amsmath/amstext.sty
Package: amstext 2000/06/29 v2.01

(/usr/local/texlive/2015/texmf-dist/tex/latex/amsmath/amsgen.sty
File: amsgen.sty 1999/11/30 v2.0
\@emptytoks=\toks17
\ex@=\dimen113
))
(/usr/local/texlive/2015/texmf-dist/tex/latex/amsmath/amsbsy.sty
Package: amsbsy 1999/11/29 v1.2d
\pmbraise@=\dimen114
)
(/usr/local/texlive/2015/texmf-dist/tex/latex/amsmath/amsopn.sty
Package: amsopn 1999/12/14 v2.01 operator names
)
\inf@bad=\count91
LaTeX Info: Redefining \frac on input line 210.
\uproot@=\count92
\leftroot@=\count93
LaTeX Info: Redefining \overline on input line 306.
\classnum@=\count94
\DOTSCASE@=\count95
LaTeX Info: Redefining \ldots on input line 378.
LaTeX Info: Redefining \dots on input line 381.
LaTeX Info: Redefining \cdots on input line 466.
\Mathstrutbox@=\box26
\strutbox@=\box27
\big@size=\dimen115
LaTeX Font Info:    Redeclaring font encoding OML on input line 566.
LaTeX Font Info:    Redeclaring font encoding OMS on input line 567.
\macc@depth=\count96
\c@MaxMatrixCols=\count97
\dotsspace@=\muskip10
\c@parentequation=\count98
\dspbrk@lvl=\count99
\tag@help=\toks18
\row@=\count100
\column@=\count101
\maxfields@=\count102
\andhelp@=\toks19
\eqnshift@=\dimen116
\alignsep@=\dimen117
\tagshift@=\dimen118
\tagwidth@=\dimen119
\totwidth@=\dimen120
\lineht@=\dimen121
\@envbody=\toks20
\multlinegap=\skip44
\multlinetaggap=\skip45
\mathdisplay@stack=\toks21
LaTeX Info: Redefining \[ on input line 2665.
LaTeX Info: Redefining \] on input line 2666.
)
(/usr/local/texlive/2015/texmf-dist/tex/latex/multirow/multirow.sty
\bigstrutjot=\dimen122
)
(/usr/local/texlive/2015/texmf-dist/tex/latex/oberdiek/epstopdf.sty
Package: epstopdf 2010/02/09 v2.5 Conversion with epstopdf on the fly (HO)

(/usr/local/texlive/2015/texmf-dist/tex/latex/oberdiek/epstopdf-base.sty
Package: epstopdf-base 2010/02/09 v2.5 Base part for package epstopdf

(/usr/local/texlive/2015/texmf-dist/tex/latex/oberdiek/grfext.sty
Package: grfext 2010/08/19 v1.1 Manage graphics extensions (HO)

(/usr/local/texlive/2015/texmf-dist/tex/generic/oberdiek/kvdefinekeys.sty
Package: kvdefinekeys 2011/04/07 v1.3 Define keys (HO)
))
(/usr/local/texlive/2015/texmf-dist/tex/latex/oberdiek/kvoptions.sty
Package: kvoptions 2011/06/30 v3.11 Key value format for package options (HO)

(/usr/local/texlive/2015/texmf-dist/tex/generic/oberdiek/kvsetkeys.sty
Package: kvsetkeys 2012/04/25 v1.16 Key value parser (HO)

(/usr/local/texlive/2015/texmf-dist/tex/generic/oberdiek/etexcmds.sty
Package: etexcmds 2011/02/16 v1.5 Avoid name clashes with e-TeX commands (HO)

(/usr/local/texlive/2015/texmf-dist/tex/generic/oberdiek/ifluatex.sty
Package: ifluatex 2010/03/01 v1.3 Provides the ifluatex switch (HO)
Package ifluatex Info: LuaTeX not detected.
)
Package etexcmds Info: Could not find \expanded.
(etexcmds)             That can mean that you are not using pdfTeX 1.50 or
(etexcmds)             that some package has redefined \expanded.
(etexcmds)             In the latter case, load this package earlier.
)))
(/usr/local/texlive/2015/texmf-dist/tex/generic/oberdiek/pdftexcmds.sty
Package: pdftexcmds 2011/11/29 v0.20 Utility functions of pdfTeX for LuaTeX (HO
)
Package pdftexcmds Info: LuaTeX not detected.
Package pdftexcmds Info: \pdf@primitive is available.
Package pdftexcmds Info: \pdf@ifprimitive is available.
Package pdftexcmds Info: \pdfdraftmode found.
)
Package grfext Info: Graphics extension search list:
(grfext)             [.png,.pdf,.jpg,.mps,.jpeg,.jbig2,.jb2,.PNG,.PDF,.JPG,.JPE
G,.JBIG2,.JB2,.eps]
(grfext)             \AppendGraphicsExtensions on input line 452.

(/usr/local/texlive/2015/texmf-dist/tex/latex/latexconfig/epstopdf-sys.cfg
File: epstopdf-sys.cfg 2010/07/13 v1.3 Configuration of (r)epstopdf for TeX Liv
e
)))
(/usr/local/texlive/2015/texmf-dist/tex/latex/setspace/setspace.sty
Package: setspace 2011/12/19 v6.7a set line spacing
)
(/usr/local/texlive/2015/texmf-dist/tex/latex/currfile/currfile.sty
Package: currfile 2013/02/01 v0.7b Provides the file path elements of the curre
nt input file

(/usr/local/texlive/2015/texmf-dist/tex/latex/filehook/filehook.sty
Package: filehook 2011/10/12 v0.5d Hooks for input files
)
\c@currfiledepth=\count103
)
(/Users/williammccausland/Library/texmf/tex/latex/harvard.sty
Package: harvard 

(/usr/local/texlive/2015/texmf-dist/tex/latex/base/ifthen.sty
Package: ifthen 2014/09/29 v1.1c Standard LaTeX ifthen package (DPC)
))
(/usr/local/texlive/2015/texmf-dist/tex/latex/lineno/lineno.sty
Package: lineno 2005/11/02 line numbers on paragraphs v4.41
\linenopenalty=\count104
\output=\toks22
\linenoprevgraf=\count105
\linenumbersep=\dimen123
\linenumberwidth=\dimen124
\c@linenumber=\count106
\c@pagewiselinenumber=\count107
\c@LN@truepage=\count108
\c@internallinenumber=\count109
\c@internallinenumbers=\count110
\quotelinenumbersep=\dimen125
\bframerule=\dimen126
\bframesep=\dimen127
\bframebox=\box28
LaTeX Info: Redefining \\ on input line 3056.
)
(/usr/local/texlive/2015/texmf-dist/tex/latex/xcolor/xcolor.sty
Package: xcolor 2007/01/21 v2.11 LaTeX color extensions (UK)

(/usr/local/texlive/2015/texmf-dist/tex/latex/latexconfig/color.cfg
File: color.cfg 2007/01/18 v1.5 color configuration of teTeX/TeXLive
)
Package xcolor Info: Driver file: pdftex.def on input line 225.
Package xcolor Info: Model `cmy' substituted by `cmy0' on input line 1337.
Package xcolor Info: Model `hsb' substituted by `rgb' on input line 1341.
Package xcolor Info: Model `RGB' extended on input line 1353.
Package xcolor Info: Model `HTML' substituted by `rgb' on input line 1355.
Package xcolor Info: Model `Hsb' substituted by `hsb' on input line 1356.
Package xcolor Info: Model `tHsb' substituted by `hsb' on input line 1357.
Package xcolor Info: Model `HSB' substituted by `hsb' on input line 1358.
Package xcolor Info: Model `Gray' substituted by `gray' on input line 1359.
Package xcolor Info: Model `wave' substituted by `hsb' on input line 1360.
)
(/usr/local/texlive/2015/texmf-dist/tex/latex/framed/framed.sty
Package: framed 2011/10/22 v 0.96: framed or shaded text with page breaks
\OuterFrameSep=\skip46
\fb@frw=\dimen128
\fb@frh=\dimen129
\FrameRule=\dimen130
\FrameSep=\dimen131
)
(/usr/local/texlive/2015/texmf-dist/tex/latex/tcolorbox/tcolorbox.sty
Package: tcolorbox 2015/05/07 version 3.60 text color boxes

(/usr/local/texlive/2015/texmf-dist/tex/latex/pgf/basiclayer/pgf.sty
(/usr/local/texlive/2015/texmf-dist/tex/latex/pgf/utilities/pgfrcs.sty
(/usr/local/texlive/2015/texmf-dist/tex/generic/pgf/utilities/pgfutil-common.te
x
\pgfutil@everybye=\toks23
\pgfutil@tempdima=\dimen132
\pgfutil@tempdimb=\dimen133

(/usr/local/texlive/2015/texmf-dist/tex/generic/pgf/utilities/pgfutil-common-li
sts.tex))
(/usr/local/texlive/2015/texmf-dist/tex/generic/pgf/utilities/pgfutil-latex.def
\pgfutil@abb=\box29
(/usr/local/texlive/2015/texmf-dist/tex/latex/ms/everyshi.sty
Package: everyshi 2001/05/15 v3.00 EveryShipout Package (MS)
))
(/usr/local/texlive/2015/texmf-dist/tex/generic/pgf/utilities/pgfrcs.code.tex
Package: pgfrcs 2013/12/20 v3.0.0 (rcs-revision 1.28)
))
Package: pgf 2013/12/18 v3.0.0 (rcs-revision 1.14)
(/usr/local/texlive/2015/texmf-dist/tex/latex/pgf/basiclayer/pgfcore.sty
(/usr/local/texlive/2015/texmf-dist/tex/latex/pgf/systemlayer/pgfsys.sty
(/usr/local/texlive/2015/texmf-dist/tex/generic/pgf/systemlayer/pgfsys.code.tex
Package: pgfsys 2013/11/30 v3.0.0 (rcs-revision 1.47)
(/usr/local/texlive/2015/texmf-dist/tex/generic/pgf/utilities/pgfkeys.code.tex
\pgfkeys@pathtoks=\toks24
\pgfkeys@temptoks=\toks25

(/usr/local/texlive/2015/texmf-dist/tex/generic/pgf/utilities/pgfkeysfiltered.c
ode.tex
\pgfkeys@tmptoks=\toks26
))
\pgf@x=\dimen134
\pgf@y=\dimen135
\pgf@xa=\dimen136
\pgf@ya=\dimen137
\pgf@xb=\dimen138
\pgf@yb=\dimen139
\pgf@xc=\dimen140
\pgf@yc=\dimen141
\w@pgf@writea=\write3
\r@pgf@reada=\read1
\c@pgf@counta=\count111
\c@pgf@countb=\count112
\c@pgf@countc=\count113
\c@pgf@countd=\count114
\t@pgf@toka=\toks27
\t@pgf@tokb=\toks28
\t@pgf@tokc=\toks29

(/usr/local/texlive/2015/texmf-dist/tex/generic/pgf/systemlayer/pgf.cfg
File: pgf.cfg 2008/05/14  (rcs-revision 1.7)
)
Driver file for pgf: pgfsys-pdftex.def

(/usr/local/texlive/2015/texmf-dist/tex/generic/pgf/systemlayer/pgfsys-pdftex.d
ef
File: pgfsys-pdftex.def 2013/07/18  (rcs-revision 1.33)

(/usr/local/texlive/2015/texmf-dist/tex/generic/pgf/systemlayer/pgfsys-common-p
df.def
File: pgfsys-common-pdf.def 2013/10/10  (rcs-revision 1.13)
)))
(/usr/local/texlive/2015/texmf-dist/tex/generic/pgf/systemlayer/pgfsyssoftpath.
code.tex
File: pgfsyssoftpath.code.tex 2013/09/09  (rcs-revision 1.9)
\pgfsyssoftpath@smallbuffer@items=\count115
\pgfsyssoftpath@bigbuffer@items=\count116
)
(/usr/local/texlive/2015/texmf-dist/tex/generic/pgf/systemlayer/pgfsysprotocol.
code.tex
File: pgfsysprotocol.code.tex 2006/10/16  (rcs-revision 1.4)
))
(/usr/local/texlive/2015/texmf-dist/tex/generic/pgf/basiclayer/pgfcore.code.tex
Package: pgfcore 2010/04/11 v3.0.0 (rcs-revision 1.7)
(/usr/local/texlive/2015/texmf-dist/tex/generic/pgf/math/pgfmath.code.tex
(/usr/local/texlive/2015/texmf-dist/tex/generic/pgf/math/pgfmathcalc.code.tex
(/usr/local/texlive/2015/texmf-dist/tex/generic/pgf/math/pgfmathutil.code.tex)
(/usr/local/texlive/2015/texmf-dist/tex/generic/pgf/math/pgfmathparser.code.tex
\pgfmath@dimen=\dimen142
\pgfmath@count=\count117
\pgfmath@box=\box30
\pgfmath@toks=\toks30
\pgfmath@stack@operand=\toks31
\pgfmath@stack@operation=\toks32
)
(/usr/local/texlive/2015/texmf-dist/tex/generic/pgf/math/pgfmathfunctions.code.
tex
(/usr/local/texlive/2015/texmf-dist/tex/generic/pgf/math/pgfmathfunctions.basic
.code.tex)
(/usr/local/texlive/2015/texmf-dist/tex/generic/pgf/math/pgfmathfunctions.trigo
nometric.code.tex)
(/usr/local/texlive/2015/texmf-dist/tex/generic/pgf/math/pgfmathfunctions.rando
m.code.tex)
(/usr/local/texlive/2015/texmf-dist/tex/generic/pgf/math/pgfmathfunctions.compa
rison.code.tex)
(/usr/local/texlive/2015/texmf-dist/tex/generic/pgf/math/pgfmathfunctions.base.
code.tex)
(/usr/local/texlive/2015/texmf-dist/tex/generic/pgf/math/pgfmathfunctions.round
.code.tex)
(/usr/local/texlive/2015/texmf-dist/tex/generic/pgf/math/pgfmathfunctions.misc.
code.tex)
(/usr/local/texlive/2015/texmf-dist/tex/generic/pgf/math/pgfmathfunctions.integ
erarithmetics.code.tex)))
(/usr/local/texlive/2015/texmf-dist/tex/generic/pgf/math/pgfmathfloat.code.tex
\c@pgfmathroundto@lastzeros=\count118
))
(/usr/local/texlive/2015/texmf-dist/tex/generic/pgf/basiclayer/pgfcorepoints.co
de.tex
File: pgfcorepoints.code.tex 2013/10/07  (rcs-revision 1.27)
\pgf@picminx=\dimen143
\pgf@picmaxx=\dimen144
\pgf@picminy=\dimen145
\pgf@picmaxy=\dimen146
\pgf@pathminx=\dimen147
\pgf@pathmaxx=\dimen148
\pgf@pathminy=\dimen149
\pgf@pathmaxy=\dimen150
\pgf@xx=\dimen151
\pgf@xy=\dimen152
\pgf@yx=\dimen153
\pgf@yy=\dimen154
\pgf@zx=\dimen155
\pgf@zy=\dimen156
)
(/usr/local/texlive/2015/texmf-dist/tex/generic/pgf/basiclayer/pgfcorepathconst
ruct.code.tex
File: pgfcorepathconstruct.code.tex 2013/10/07  (rcs-revision 1.29)
\pgf@path@lastx=\dimen157
\pgf@path@lasty=\dimen158
)
(/usr/local/texlive/2015/texmf-dist/tex/generic/pgf/basiclayer/pgfcorepathusage
.code.tex
File: pgfcorepathusage.code.tex 2013/12/13  (rcs-revision 1.23)
\pgf@shorten@end@additional=\dimen159
\pgf@shorten@start@additional=\dimen160
)
(/usr/local/texlive/2015/texmf-dist/tex/generic/pgf/basiclayer/pgfcorescopes.co
de.tex
File: pgfcorescopes.code.tex 2013/10/09  (rcs-revision 1.44)
\pgfpic=\box31
\pgf@hbox=\box32
\pgf@layerbox@main=\box33
\pgf@picture@serial@count=\count119
)
(/usr/local/texlive/2015/texmf-dist/tex/generic/pgf/basiclayer/pgfcoregraphicst
ate.code.tex
File: pgfcoregraphicstate.code.tex 2013/09/19  (rcs-revision 1.11)
\pgflinewidth=\dimen161
)
(/usr/local/texlive/2015/texmf-dist/tex/generic/pgf/basiclayer/pgfcoretransform
ations.code.tex
File: pgfcoretransformations.code.tex 2013/10/10  (rcs-revision 1.17)
\pgf@pt@x=\dimen162
\pgf@pt@y=\dimen163
\pgf@pt@temp=\dimen164
)
(/usr/local/texlive/2015/texmf-dist/tex/generic/pgf/basiclayer/pgfcorequick.cod
e.tex
File: pgfcorequick.code.tex 2008/10/09  (rcs-revision 1.3)
)
(/usr/local/texlive/2015/texmf-dist/tex/generic/pgf/basiclayer/pgfcoreobjects.c
ode.tex
File: pgfcoreobjects.code.tex 2006/10/11  (rcs-revision 1.2)
)
(/usr/local/texlive/2015/texmf-dist/tex/generic/pgf/basiclayer/pgfcorepathproce
ssing.code.tex
File: pgfcorepathprocessing.code.tex 2013/09/09  (rcs-revision 1.9)
)
(/usr/local/texlive/2015/texmf-dist/tex/generic/pgf/basiclayer/pgfcorearrows.co
de.tex
File: pgfcorearrows.code.tex 2013/11/07  (rcs-revision 1.40)
\pgfarrowsep=\dimen165
)
(/usr/local/texlive/2015/texmf-dist/tex/generic/pgf/basiclayer/pgfcoreshade.cod
e.tex
File: pgfcoreshade.code.tex 2013/07/15  (rcs-revision 1.15)
\pgf@max=\dimen166
\pgf@sys@shading@range@num=\count120
)
(/usr/local/texlive/2015/texmf-dist/tex/generic/pgf/basiclayer/pgfcoreimage.cod
e.tex
File: pgfcoreimage.code.tex 2013/07/15  (rcs-revision 1.18)

(/usr/local/texlive/2015/texmf-dist/tex/generic/pgf/basiclayer/pgfcoreexternal.
code.tex
File: pgfcoreexternal.code.tex 2013/07/15  (rcs-revision 1.20)
\pgfexternal@startupbox=\box34
))
(/usr/local/texlive/2015/texmf-dist/tex/generic/pgf/basiclayer/pgfcorelayers.co
de.tex
File: pgfcorelayers.code.tex 2013/07/18  (rcs-revision 1.7)
)
(/usr/local/texlive/2015/texmf-dist/tex/generic/pgf/basiclayer/pgfcoretranspare
ncy.code.tex
File: pgfcoretransparency.code.tex 2013/09/30  (rcs-revision 1.5)
)
(/usr/local/texlive/2015/texmf-dist/tex/generic/pgf/basiclayer/pgfcorepatterns.
code.tex
File: pgfcorepatterns.code.tex 2013/11/07  (rcs-revision 1.5)
)))
(/usr/local/texlive/2015/texmf-dist/tex/generic/pgf/modules/pgfmoduleshapes.cod
e.tex
File: pgfmoduleshapes.code.tex 2013/10/31  (rcs-revision 1.34)
\pgfnodeparttextbox=\box35
)
(/usr/local/texlive/2015/texmf-dist/tex/generic/pgf/modules/pgfmoduleplot.code.
tex
File: pgfmoduleplot.code.tex 2013/07/31  (rcs-revision 1.12)
)
(/usr/local/texlive/2015/texmf-dist/tex/latex/pgf/compatibility/pgfcomp-version
-0-65.sty
Package: pgfcomp-version-0-65 2007/07/03 v3.0.0 (rcs-revision 1.7)
\pgf@nodesepstart=\dimen167
\pgf@nodesepend=\dimen168
)
(/usr/local/texlive/2015/texmf-dist/tex/latex/pgf/compatibility/pgfcomp-version
-1-18.sty
Package: pgfcomp-version-1-18 2007/07/23 v3.0.0 (rcs-revision 1.1)
)) (/usr/local/texlive/2015/texmf-dist/tex/latex/tools/verbatim.sty
Package: verbatim 2014/10/28 v1.5q LaTeX2e package for verbatim enhancements
\every@verbatim=\toks33
\verbatim@line=\toks34
\verbatim@in@stream=\read2
)
(/usr/local/texlive/2015/texmf-dist/tex/latex/environ/environ.sty
Package: environ 2014/05/04 v0.3 A new way to define environments

(/usr/local/texlive/2015/texmf-dist/tex/latex/trimspaces/trimspaces.sty
Package: trimspaces 2009/09/17 v1.1 Trim spaces around a token list
))
(/usr/local/texlive/2015/texmf-dist/tex/latex/etoolbox/etoolbox.sty
Package: etoolbox 2015/05/04 v2.2 e-TeX tools for LaTeX (JAW)
\etb@tempcnta=\count121
)
\tcb@titlebox=\box36
\tcb@upperbox=\box37
\tcb@lowerbox=\box38
\tcb@phantombox=\box39
\c@tcbbreakpart=\count122
\c@tcblayer=\count123
\tcb@temp=\box40
\tcb@temp=\box41
\tcb@temp=\box42
\tcb@temp=\box43
\tcb@out=\write4
\tcb@record@out=\write5
)
(/usr/local/texlive/2015/texmf-dist/tex/latex/was/gensymb.sty
Package: gensymb 2003/07/02 v1.0 (WaS)
)
(/usr/local/texlive/2015/texmf-dist/tex/latex/hyperref/hyperref.sty
Package: hyperref 2012/11/06 v6.83m Hypertext links for LaTeX

(/usr/local/texlive/2015/texmf-dist/tex/generic/oberdiek/hobsub-hyperref.sty
Package: hobsub-hyperref 2012/05/28 v1.13 Bundle oberdiek, subset hyperref (HO)


(/usr/local/texlive/2015/texmf-dist/tex/generic/oberdiek/hobsub-generic.sty
Package: hobsub-generic 2012/05/28 v1.13 Bundle oberdiek, subset generic (HO)
Package: hobsub 2012/05/28 v1.13 Construct package bundles (HO)
Package hobsub Info: Skipping package `infwarerr' (already loaded).
Package hobsub Info: Skipping package `ltxcmds' (already loaded).
Package hobsub Info: Skipping package `ifluatex' (already loaded).
Package hobsub Info: Skipping package `ifvtex' (already loaded).
Package: intcalc 2007/09/27 v1.1 Expandable calculations with integers (HO)
Package hobsub Info: Skipping package `ifpdf' (already loaded).
Package hobsub Info: Skipping package `etexcmds' (already loaded).
Package hobsub Info: Skipping package `kvsetkeys' (already loaded).
Package hobsub Info: Skipping package `kvdefinekeys' (already loaded).
Package hobsub Info: Skipping package `pdftexcmds' (already loaded).
Package: pdfescape 2011/11/25 v1.13 Implements pdfTeX's escape features (HO)
Package: bigintcalc 2012/04/08 v1.3 Expandable calculations on big integers (HO
)
Package: bitset 2011/01/30 v1.1 Handle bit-vector datatype (HO)
Package: uniquecounter 2011/01/30 v1.2 Provide unlimited unique counter (HO)
)
Package hobsub Info: Skipping package `hobsub' (already loaded).
Package: letltxmacro 2010/09/02 v1.4 Let assignment for LaTeX macros (HO)
Package: hopatch 2012/05/28 v1.2 Wrapper for package hooks (HO)
Package: xcolor-patch 2011/01/30 xcolor patch
Package: atveryend 2011/06/30 v1.8 Hooks at the very end of document (HO)
Package: atbegshi 2011/10/05 v1.16 At begin shipout hook (HO)
Package: refcount 2011/10/16 v3.4 Data extraction from label references (HO)
Package: hycolor 2011/01/30 v1.7 Color options for hyperref/bookmark (HO)
)
(/usr/local/texlive/2015/texmf-dist/tex/latex/oberdiek/auxhook.sty
Package: auxhook 2011/03/04 v1.3 Hooks for auxiliary files (HO)
)
\@linkdim=\dimen169
\Hy@linkcounter=\count124
\Hy@pagecounter=\count125

(/usr/local/texlive/2015/texmf-dist/tex/latex/hyperref/pd1enc.def
File: pd1enc.def 2012/11/06 v6.83m Hyperref: PDFDocEncoding definition (HO)
)
\Hy@SavedSpaceFactor=\count126

(/usr/local/texlive/2015/texmf-dist/tex/latex/latexconfig/hyperref.cfg
File: hyperref.cfg 2002/06/06 v1.2 hyperref configuration of TeXLive
)
Package hyperref Info: Hyper figures OFF on input line 4443.
Package hyperref Info: Link nesting OFF on input line 4448.
Package hyperref Info: Hyper index ON on input line 4451.
Package hyperref Info: Plain pages OFF on input line 4458.
Package hyperref Info: Backreferencing OFF on input line 4463.
Package hyperref Info: Implicit mode ON; LaTeX internals redefined.
Package hyperref Info: Bookmarks ON on input line 4688.
\c@Hy@tempcnt=\count127

(/usr/local/texlive/2015/texmf-dist/tex/latex/url/url.sty
\Urlmuskip=\muskip11
Package: url 2013/09/16  ver 3.4  Verb mode for urls, etc.
)
LaTeX Info: Redefining \url on input line 5041.
\XeTeXLinkMargin=\dimen170
\Fld@menulength=\count128
\Field@Width=\dimen171
\Fld@charsize=\dimen172
Package hyperref Info: Hyper figures OFF on input line 6295.
Package hyperref Info: Link nesting OFF on input line 6300.
Package hyperref Info: Hyper index ON on input line 6303.
Package hyperref Info: backreferencing OFF on input line 6310.
Package hyperref Info: Link coloring OFF on input line 6315.
Package hyperref Info: Link coloring with OCG OFF on input line 6320.
Package hyperref Info: PDF/A mode OFF on input line 6325.
LaTeX Info: Redefining \ref on input line 6365.
LaTeX Info: Redefining \pageref on input line 6369.
\Hy@abspage=\count129
\c@Item=\count130
\c@Hfootnote=\count131
)

Package hyperref Message: Driver (autodetected): hpdftex.

(/usr/local/texlive/2015/texmf-dist/tex/latex/hyperref/hpdftex.def
File: hpdftex.def 2012/11/06 v6.83m Hyperref driver for pdfTeX
\Fld@listcount=\count132
\c@bookmark@seq@number=\count133

(/usr/local/texlive/2015/texmf-dist/tex/latex/oberdiek/rerunfilecheck.sty
Package: rerunfilecheck 2011/04/15 v1.7 Rerun checks for auxiliary files (HO)
Package uniquecounter Info: New unique counter `rerunfilecheck' on input line 2
82.
)
\Hy@SectionHShift=\skip47
)
Package hyperref Info: Option `colorlinks' set `true' on input line 33.

(/usr/local/texlive/2015/texmf-dist/tex/latex/preprint/authblk.sty
Package: authblk 2001/02/27 1.3 (PWD)
\affilsep=\skip48
\@affilsep=\skip49
\c@Maxaffil=\count134
\c@authors=\count135
\c@affil=\count136
)

LaTeX Warning: Unused global option(s):
    [letter].

(./among.aux)
\openout1 = `among.aux'.

LaTeX Font Info:    Checking defaults for OML/cmm/m/it on input line 52.
LaTeX Font Info:    ... okay on input line 52.
LaTeX Font Info:    Checking defaults for T1/cmr/m/n on input line 52.
LaTeX Font Info:    ... okay on input line 52.
LaTeX Font Info:    Checking defaults for OT1/cmr/m/n on input line 52.
LaTeX Font Info:    ... okay on input line 52.
LaTeX Font Info:    Checking defaults for OMS/cmsy/m/n on input line 52.
LaTeX Font Info:    ... okay on input line 52.
LaTeX Font Info:    Checking defaults for OMX/cmex/m/n on input line 52.
LaTeX Font Info:    ... okay on input line 52.
LaTeX Font Info:    Checking defaults for U/cmr/m/n on input line 52.
LaTeX Font Info:    ... okay on input line 52.
LaTeX Font Info:    Checking defaults for PD1/pdf/m/n on input line 52.
LaTeX Font Info:    ... okay on input line 52.

*geometry* driver: auto-detecting
*geometry* detected driver: pdftex
*geometry* verbose mode - [ preamble ] result:
* driver: pdftex
* paper: <default>
* layout: <same size as paper>
* layoutoffset:(h,v)=(0.0pt,0.0pt)
* modes: 
* h-part:(L,W,R)=(72.26999pt, 469.75502pt, 72.26999pt)
* v-part:(T,H,B)=(72.26999pt, 650.43001pt, 72.26999pt)
* \paperwidth=614.295pt
* \paperheight=794.96999pt
* \textwidth=469.75502pt
* \textheight=650.43001pt
* \oddsidemargin=0.0pt
* \evensidemargin=0.0pt
* \topmargin=-37.0pt
* \headheight=12.0pt
* \headsep=25.0pt
* \topskip=11.0pt
* \footskip=30.0pt
* \marginparwidth=59.0pt
* \marginparsep=10.0pt
* \columnsep=10.0pt
* \skip\footins=10.0pt plus 4.0pt minus 2.0pt
* \hoffset=0.0pt
* \voffset=0.0pt
* \mag=1000
* \@twocolumnfalse
* \@twosidefalse
* \@mparswitchfalse
* \@reversemarginfalse
* (1in=72.27pt=25.4mm, 1cm=28.453pt)

(/usr/local/texlive/2015/texmf-dist/tex/context/base/supp-pdf.mkii
[Loading MPS to PDF converter (version 2006.09.02).]
\scratchcounter=\count137
\scratchdimen=\dimen173
\scratchbox=\box44
\nofMPsegments=\count138
\nofMParguments=\count139
\everyMPshowfont=\toks35
\MPscratchCnt=\count140
\MPscratchDim=\dimen174
\MPnumerator=\count141
\makeMPintoPDFobject=\count142
\everyMPtoPDFconversion=\toks36
) ABD: EveryShipout initializing macros
LaTeX Info: Redefining \celsius on input line 52.
Package gensymb Info: Faking symbols for \degree and \celsius on input line 52.



Package gensymb Warning: Not defining \perthousand.

LaTeX Info: Redefining \ohm on input line 52.
Package gensymb Info: Using \Omega for \ohm on input line 52.

Package gensymb Warning: Not defining \micro.

\AtBeginShipoutBox=\box45
Package hyperref Info: Link coloring ON on input line 52.
(/usr/local/texlive/2015/texmf-dist/tex/latex/hyperref/nameref.sty
Package: nameref 2012/10/27 v2.43 Cross-referencing by name of section

(/usr/local/texlive/2015/texmf-dist/tex/generic/oberdiek/gettitlestring.sty
Package: gettitlestring 2010/12/03 v1.4 Cleanup title references (HO)
)
\c@section@level=\count143
)
LaTeX Info: Redefining \ref on input line 52.
LaTeX Info: Redefining \pageref on input line 52.
LaTeX Info: Redefining \nameref on input line 52.

(./among.out) (./among.out)
\@outlinefile=\write6
\openout6 = `among.out'.

Package hyperref Info: *** compatibility with harvard ****  on input line 52.
LaTeX Font Info:    Try loading font information for U+msa on input line 54.

(/usr/local/texlive/2015/texmf-dist/tex/latex/amsfonts/umsa.fd
File: umsa.fd 2013/01/14 v3.01 AMS symbols A
)
LaTeX Font Info:    Try loading font information for U+msb on input line 54.

(/usr/local/texlive/2015/texmf-dist/tex/latex/amsfonts/umsb.fd
File: umsb.fd 2013/01/14 v3.01 AMS symbols B
)
LaTeX Font Info:    Try loading font information for OMS+cmr on input line 54.

(/usr/local/texlive/2015/texmf-dist/tex/latex/base/omscmr.fd
File: omscmr.fd 2014/09/29 v2.5h Standard LaTeX font definitions
)
LaTeX Font Info:    Font shape `OMS/cmr/m/n' in size <8> not available
(Font)              Font shape `OMS/cmsy/m/n' tried instead on input line 54.
LaTeX Font Info:    Font shape `OMS/cmr/m/n' in size <6> not available
(Font)              Font shape `OMS/cmsy/m/n' tried instead on input line 54.
 [1

{/usr/local/texlive/2015/texmf-var/fonts/map/pdftex/updmap/pdftex.map}] [2] [3]
 [4]
<Figures/bcp.pdf, id=244, 867.24pt x 433.62pt>
File: Figures/bcp.pdf Graphic file (type pdf)
 <use Figures/bcp.pdf>
Package pdftex.def Info: Figures/bcp.pdf used on input line 223.
(pdftex.def)             Requested size: 426.79134pt x 213.39536pt.
 [5 <./Figures/bcp.pdf>] [6]

LaTeX Warning: `!h' float specifier changed to `!ht'.


<Population_study_design/screenshot_Travel.png, id=268, 1039.885pt x 355.3275pt
>
File: Population_study_design/screenshot_Travel.png Graphic file (type png)
 <use Population_study_design/screenshot_Travel.png>
Package pdftex.def Info: Population_study_design/screenshot_Travel.png used on 
input line 387.
(pdftex.def)             Requested size: 426.79134pt x 145.83159pt.

<Population_study_design/screenshot_Coffee.png, id=270, 957.5775pt x 322.20375p
t>
File: Population_study_design/screenshot_Coffee.png Graphic file (type png)
 <use Population_study_design/screenshot_Coffee.png>
Package pdftex.def Info: Population_study_design/screenshot_Coffee.png used on 
input line 388.
(pdftex.def)             Requested size: 426.79134pt x 143.60391pt.

<Figures/binary_BF.pdf, id=271, 672.5125pt x 517.935pt>
File: Figures/binary_BF.pdf Graphic file (type pdf)

<use Figures/binary_BF.pdf>
Package pdftex.def Info: Figures/binary_BF.pdf used on input line 404.
(pdftex.def)             Requested size: 455.24408pt x 350.61052pt.
 [7] [8 <./Population_study_design/screenshot_Travel.png> <./Population_study_d
esign/screenshot_Coffee.png>]
<Figures/multiple_BF.pdf, id=285, 672.5125pt x 517.935pt>
File: Figures/multiple_BF.pdf Graphic file (type pdf)

<use Figures/multiple_BF.pdf>
Package pdftex.def Info: Figures/multiple_BF.pdf used on input line 411.
(pdftex.def)             Requested size: 455.24408pt x 350.61052pt.
 [9] [10 <./Figures/binary_BF.pdf>] [11 <./Figures/multiple_BF.pdf>]
<Figures/multi_aggregate_triples.pdf, id=315, 650.43pt x 289.08pt>
File: Figures/multi_aggregate_triples.pdf Graphic file (type pdf)

<use Figures/multi_aggregate_triples.pdf>
Package pdftex.def Info: Figures/multi_aggregate_triples.pdf used on input line
 443.
(pdftex.def)             Requested size: 455.24408pt x 202.33696pt.
 [12] [13 <./Figures/multi_aggregate_triples.pdf>] [14] (./Domain_tex/male_star
s.tex
LaTeX Font Info:    Font shape `OMS/cmr/m/n' in size <10.95> not available
(Font)              Font shape `OMS/cmsy/m/n' tried instead on input line 12.
) (./Domain_tex/female_stars.tex) (./Domain_tex/films.tex
Underfull \hbox (badness 10000) in paragraph at lines 12--14

 []


Underfull \hbox (badness 10000) in paragraph at lines 14--18

 []


Underfull \hbox (badness 10000) in paragraph at lines 18--20

 []


Underfull \hbox (badness 10000) in paragraph at lines 20--22

 []

) [15] (./Domain_tex/star_pairs.tex) (./Domain_tex/pizzas.tex) [16]
(./Domain_tex/juices.tex) (./Domain_tex/colours.tex)
(./Domain_tex/colour_pairs.tex) (./Domain_tex/events.tex [17])
(./Domain_tex/radio.tex
Overfull \hbox (15.17853pt too wide) in paragraph at lines 5--6
[]\OT1/cmr/m/n/10.95 https://byrnesmedia.com/2015/10/05/the-6-best-performing-r
adio-formats-in-canada/ 
 []


Overfull \hbox (11.37645pt too wide) in paragraph at lines 9--10
[]\OT1/cmr/m/n/10.95 http://www.newsgeneration.com/broadcast-resources/guide-to
-radio-station-formats/ 
 []

) (./Domain_tex/music.tex) (./Domain_tex/aboriginal_art.tex
<Population_study_design/Aboriginal_art1.jpg, id=358, 277.035pt x 183.68625pt>
File: Population_study_design/Aboriginal_art1.jpg Graphic file (type jpg)

<use Population_study_design/Aboriginal_art1.jpg>
Package pdftex.def Info: Population_study_design/Aboriginal_art1.jpg used on in
put line 6.
(pdftex.def)             Requested size: 85.35826pt x 56.59459pt.

<Population_study_design/Aboriginal_art2.jpg, id=359, 256.96pt x 197.73875pt>
File: Population_study_design/Aboriginal_art2.jpg Graphic file (type jpg)

<use Population_study_design/Aboriginal_art2.jpg>
Package pdftex.def Info: Population_study_design/Aboriginal_art2.jpg used on in
put line 7.
(pdftex.def)             Requested size: 85.35826pt x 65.68546pt.

<Population_study_design/Aboriginal_art3.jpg, id=360, 259.97125pt x 194.7275pt>
File: Population_study_design/Aboriginal_art3.jpg Graphic file (type jpg)
<use Population_study_design/Aboriginal_art3.jpg>
Package pdftex.def Info: Population_study_design/Aboriginal_art3.jpg used on in
put line 8.
(pdftex.def)             Requested size: 85.35826pt x 63.93639pt.

<Population_study_design/Aboriginal_art4.jpg, id=361, 271.0125pt x 187.70125pt>
File: Population_study_design/Aboriginal_art4.jpg Graphic file (type jpg)
<use Population_study_design/Aboriginal_art4.jpg>
Package pdftex.def Info: Population_study_design/Aboriginal_art4.jpg used on in
put line 9.
(pdftex.def)             Requested size: 85.35826pt x 59.11761pt.

<Population_study_design/Aboriginal_art5.jpg, id=362, 270.00874pt x 187.70125pt
>
File: Population_study_design/Aboriginal_art5.jpg Graphic file (type jpg)
 <use Population_study_design/Aboriginal_art5.jpg>
Package pdftex.def Info: Population_study_design/Aboriginal_art5.jpg used on in
put line 10.
(pdftex.def)             Requested size: 85.35826pt x 59.33813pt.
) [18]
(./Domain_tex/impressionist_art.tex
<Population_study_design/Impressionist_art1.jpg, id=367, 259.97125pt x 194.7275
pt>
File: Population_study_design/Impressionist_art1.jpg Graphic file (type jpg)
 <use Population_study_design/Impressionist_art1.jpg>
Package pdftex.def Info: Population_study_design/Impressionist_art1.jpg used on
 input line 6.
(pdftex.def)             Requested size: 85.35826pt x 63.93639pt.

<Population_study_design/Impressionist_art2.jpg, id=368, 277.035pt x 183.68625p
t>
File: Population_study_design/Impressionist_art2.jpg Graphic file (type jpg)
 <use Population_study_design/Impressionist_art2.jpg>
Package pdftex.def Info: Population_study_design/Impressionist_art2.jpg used on
 input line 7.
(pdftex.def)             Requested size: 85.35826pt x 56.59459pt.

<Population_study_design/Impressionist_art3.jpg, id=369, 262.9825pt x 192.72pt>
File: Population_study_design/Impressionist_art3.jpg Graphic file (type jpg)
<use Population_study_design/Impressionist_art3.jpg>
Package pdftex.def Info: Population_study_design/Impressionist_art3.jpg used on
 input line 8.
(pdftex.def)             Requested size: 85.35826pt x 62.55385pt.

<Population_study_design/Impressionist_art4.jpg, id=370, 256.96pt x 197.73875pt
>
File: Population_study_design/Impressionist_art4.jpg Graphic file (type jpg)
 <use Population_study_design/Impressionist_art4.jpg>
Package pdftex.def Info: Population_study_design/Impressionist_art4.jpg used on
 input line 9.
(pdftex.def)             Requested size: 85.35826pt x 65.68546pt.

<Population_study_design/Impressionist_art5.jpg, id=371, 259.97125pt x 194.7275
pt>
File: Population_study_design/Impressionist_art5.jpg Graphic file (type jpg)
 <use Population_study_design/Impressionist_art5.jpg>
Package pdftex.def Info: Population_study_design/Impressionist_art5.jpg used on
 input line 10.
(pdftex.def)             Requested size: 85.35826pt x 63.93639pt.
)
(./Domain_tex/sentences.tex) (./Domain_tex/travel.tex
<Population_study_design/Travel1.jpg, id=372, 552.0625pt x 406.51875pt>
File: Population_study_design/Travel1.jpg Graphic file (type jpg)

<use Population_study_design/Travel1.jpg>
Package pdftex.def Info: Population_study_design/Travel1.jpg used on input line
 13.
(pdftex.def)             Requested size: 108.18666pt x 79.6678pt.

<Population_study_design/Travel2.jpg, id=373, 451.6875pt x 451.6875pt>
File: Population_study_design/Travel2.jpg Graphic file (type jpg)

<use Population_study_design/Travel2.jpg>
Package pdftex.def Info: Population_study_design/Travel2.jpg used on input line
 16.
(pdftex.def)             Requested size: 79.66678pt x 79.6678pt.

<Population_study_design/Travel3.jpg, id=374, 552.0625pt x 367.3725pt>
File: Population_study_design/Travel3.jpg Graphic file (type jpg)

<use Population_study_design/Travel3.jpg>
Package pdftex.def Info: Population_study_design/Travel3.jpg used on input line
 19.
(pdftex.def)             Requested size: 119.71881pt x 79.6678pt.

<Population_study_design/Travel4.jpg, id=375, 1027.84pt x 541.02126pt>
File: Population_study_design/Travel4.jpg Graphic file (type jpg)

<use Population_study_design/Travel4.jpg>
Package pdftex.def Info: Population_study_design/Travel4.jpg used on input line
 22.
(pdftex.def)             Requested size: 151.3463pt x 79.6678pt.

<Population_study_design/Travel5.jpg, id=376, 470.75874pt x 451.6875pt>
File: Population_study_design/Travel5.jpg Graphic file (type jpg)

<use Population_study_design/Travel5.jpg>
Package pdftex.def Info: Population_study_design/Travel5.jpg used on input line
 25.
(pdftex.def)             Requested size: 83.0305pt x 79.6678pt.
) [19 <./Population_study_design/Aboriginal_art1.jpg> <./Population_study_desig
n/Aboriginal_art2.jpg> <./Population_study_design/Aboriginal_art3.jpg> <./Popul
ation_study_design/Aboriginal_art4.jpg> <./Population_study_design/Aboriginal_a
rt5.jpg> <./Population_study_design/Impressionist_art1.jpg> <./Population_study
_design/Impressionist_art2.jpg> <./Population_study_design/Impressionist_art3.j
pg> <./Population_study_design/Impressionist_art4.jpg> <./Population_study_desi
gn/Impressionist_art5.jpg>]
(./Domain_tex/marijuana.tex) [20 <./Population_study_design/Travel1.jpg> <./Pop
ulation_study_design/Travel2.jpg> <./Population_study_design/Travel3.jpg> <./Po
pulation_study_design/Travel4.jpg> <./Population_study_design/Travel5.jpg>]
(./Domain_tex/latitude.tex) (./Domain_tex/dots.tex
<Population_study_design/Scatterplots1.pdf, id=391, 433.62pt x 433.62pt>
File: Population_study_design/Scatterplots1.pdf Graphic file (type pdf)

<use Population_study_design/Scatterplots1.pdf>
Package pdftex.def Info: Population_study_design/Scatterplots1.pdf used on inpu
t line 11.
(pdftex.def)             Requested size: 85.35284pt x 85.35826pt.

<Population_study_design/Scatterplots2.pdf, id=392, 433.62pt x 433.62pt>
File: Population_study_design/Scatterplots2.pdf Graphic file (type pdf)

<use Population_study_design/Scatterplots2.pdf>
Package pdftex.def Info: Population_study_design/Scatterplots2.pdf used on inpu
t line 12.
(pdftex.def)             Requested size: 85.35284pt x 85.35826pt.

<Population_study_design/Scatterplots3.pdf, id=393, 433.62pt x 433.62pt>
File: Population_study_design/Scatterplots3.pdf Graphic file (type pdf)

<use Population_study_design/Scatterplots3.pdf>
Package pdftex.def Info: Population_study_design/Scatterplots3.pdf used on inpu
t line 13.
(pdftex.def)             Requested size: 85.35284pt x 85.35826pt.

<Population_study_design/Scatterplots4.pdf, id=394, 433.62pt x 433.62pt>
File: Population_study_design/Scatterplots4.pdf Graphic file (type pdf)

<use Population_study_design/Scatterplots4.pdf>
Package pdftex.def Info: Population_study_design/Scatterplots4.pdf used on inpu
t line 14.
(pdftex.def)             Requested size: 85.35284pt x 85.35826pt.

<Population_study_design/Scatterplots5.pdf, id=395, 433.62pt x 433.62pt>
File: Population_study_design/Scatterplots5.pdf Graphic file (type pdf)

<use Population_study_design/Scatterplots5.pdf>
Package pdftex.def Info: Population_study_design/Scatterplots5.pdf used on inpu
t line 15.
(pdftex.def)             Requested size: 85.35284pt x 85.35826pt.
) (./Domain_tex/triangles.tex
<Population_study_design/Triangles3.pdf, id=396, 433.62pt x 433.62pt>
File: Population_study_design/Triangles3.pdf Graphic file (type pdf)

<use Population_study_design/Triangles3.pdf>
Package pdftex.def Info: Population_study_design/Triangles3.pdf used on input l
ine 9.
(pdftex.def)             Requested size: 85.35284pt x 85.35826pt.

<Population_study_design/Triangles1.pdf, id=397, 433.62pt x 433.62pt>
File: Population_study_design/Triangles1.pdf Graphic file (type pdf)

<use Population_study_design/Triangles1.pdf>
Package pdftex.def Info: Population_study_design/Triangles1.pdf used on input l
ine 10.
(pdftex.def)             Requested size: 85.35284pt x 85.35826pt.

<Population_study_design/Triangles2.pdf, id=398, 433.62pt x 433.62pt>
File: Population_study_design/Triangles2.pdf Graphic file (type pdf)

<use Population_study_design/Triangles2.pdf>
Package pdftex.def Info: Population_study_design/Triangles2.pdf used on input l
ine 11.
(pdftex.def)             Requested size: 85.35284pt x 85.35826pt.

<Population_study_design/Triangles4.pdf, id=399, 433.62pt x 433.62pt>
File: Population_study_design/Triangles4.pdf Graphic file (type pdf)

<use Population_study_design/Triangles4.pdf>
Package pdftex.def Info: Population_study_design/Triangles4.pdf used on input l
ine 12.
(pdftex.def)             Requested size: 85.35284pt x 85.35826pt.

<Population_study_design/Triangles5.pdf, id=400, 433.62pt x 433.62pt>
File: Population_study_design/Triangles5.pdf Graphic file (type pdf)

<use Population_study_design/Triangles5.pdf>
Package pdftex.def Info: Population_study_design/Triangles5.pdf used on input l
ine 13.
(pdftex.def)             Requested size: 85.35284pt x 85.35826pt.
 [21 <./Population_study_design/Scatterplots1.pdf> <./Population_study_design/S
catterplots2.pdf> <./Population_study_design/Scatterplots3.pdf> <./Population_s
tudy_design/Scatterplots4.pdf> <./Population_study_design/Scatterplots5.pdf>]) 
(./Domain_tex/population.tex)
(./Domain_tex/area.tex)
<./Figures/design_patterns.pdf, id=436, 469.755pt x 259.97125pt>
File: ./Figures/design_patterns.pdf Graphic file (type pdf)

<use ./Figures/design_patterns.pdf>
Package pdftex.def Info: ./Figures/design_patterns.pdf used on input line 667.
(pdftex.def)             Requested size: 426.79134pt x 236.19339pt.
 [22 <./Population_study_design/Triangles3.pdf> <./Population_study_design/Tria
ngles1.pdf> <./Population_study_design/Triangles2.pdf> <./Population_study_desi
gn/Triangles4.pdf> <./Population_study_design/Triangles5.pdf>] (./Domain_tex/be
er.tex) [23 <./Figures/design_patterns.pdf>] (./Domain_tex/cars.tex) (./Domain_
tex/restaurants.tex)
(./Domain_tex/layovers.tex [24]) (./Domain_tex/delayed_choice.tex)
(./Domain_tex/phone_plans.tex) (./Domain_tex/hotel_rooms.tex [25])
(./Domain_tex/itinararies.tex) (./Domain_tex/televisions.tex)
(./Domain_tex/coffee.tex
Overfull \hbox (20.85207pt too wide) in paragraph at lines 9--20
[][] 
 []

) [26] (./Domain_tex/charity.tex
Underfull \hbox (badness 10000) in paragraph at lines 15--15
[]\OT1/cmr/m/n/10.95 Arthritis Re-search
 []


Underfull \hbox (badness 4531) in paragraph at lines 17--17
[]\OT1/cmr/m/n/10.95 Canadian Coali-tion
 []


Underfull \hbox (badness 6412) in paragraph at lines 18--19
[]\OT1/cmr/m/n/10.95 Coalition for Gun
 []


Overfull \hbox (7.88148pt too wide) in paragraph at lines 13--27
[][] 
 []

) (./among.bbl [27]) [28]
Package atveryend Info: Empty hook `BeforeClearDocument' on input line 742.
Package atveryend Info: Empty hook `AfterLastShipout' on input line 742.
 (./among.aux)
Package atveryend Info: Executing hook `AtVeryEndDocument' on input line 742.
Package atveryend Info: Executing hook `AtEndAfterFileList' on input line 742.
Package rerunfilecheck Info: File `among.out' has not changed.
(rerunfilecheck)             Checksum: 538087050F46D22B71554539B92D3280;3412.


LaTeX Warning: Label(s) may have changed. Rerun to get cross-references right.

 ) 
Here is how much of TeX's memory you used:
 16890 strings out of 493089
 311535 string characters out of 6134842
 384040 words of memory out of 5000000
 19809 multiletter control sequences out of 15000+600000
 15585 words of font info for 61 fonts, out of 8000000 for 9000
 1141 hyphenation exceptions out of 8191
 65i,10n,75p,828b,452s stack positions out of 5000i,500n,10000p,200000b,80000s
</usr/local/texlive/2015/texmf-dist/fonts/type1/public/amsfonts/cm/cmbx10.pfb
></usr/local/texlive/2015/texmf-dist/fonts/type1/public/amsfonts/cm/cmbx12.pfb>
</usr/local/texlive/2015/texmf-dist/fonts/type1/public/amsfonts/cm/cmex10.pfb><
/usr/local/texlive/2015/texmf-dist/fonts/type1/public/amsfonts/cm/cmmi10.pfb></
usr/local/texlive/2015/texmf-dist/fonts/type1/public/amsfonts/cm/cmmi8.pfb></us
r/local/texlive/2015/texmf-dist/fonts/type1/public/amsfonts/cm/cmr10.pfb></usr/
local/texlive/2015/texmf-dist/fonts/type1/public/amsfonts/cm/cmr12.pfb></usr/lo
cal/texlive/2015/texmf-dist/fonts/type1/public/amsfonts/cm/cmr17.pfb></usr/loca
l/texlive/2015/texmf-dist/fonts/type1/public/amsfonts/cm/cmr8.pfb></usr/local/t
exlive/2015/texmf-dist/fonts/type1/public/amsfonts/cm/cmr9.pfb></usr/local/texl
ive/2015/texmf-dist/fonts/type1/public/amsfonts/cm/cmsy10.pfb></usr/local/texli
ve/2015/texmf-dist/fonts/type1/public/amsfonts/cm/cmsy6.pfb></usr/local/texlive
/2015/texmf-dist/fonts/type1/public/amsfonts/cm/cmsy8.pfb></usr/local/texlive/2
015/texmf-dist/fonts/type1/public/amsfonts/cm/cmti10.pfb></usr/local/texlive/20
15/texmf-dist/fonts/type1/public/amsfonts/cm/cmtt10.pfb></usr/local/texlive/201
5/texmf-dist/fonts/type1/public/amsfonts/cm/cmtt9.pfb>
Output written on among.pdf (28 pages, 1659002 bytes).
PDF statistics:
 603 PDF objects out of 1000 (max. 8388607)
 502 compressed objects within 6 object streams
 113 named destinations out of 1000 (max. 500000)
 573 words of extra memory for PDF output out of 10000 (max. 10000000)

