\BOOKMARK [1][-]{section.1}{Introduction}{}% 1
\BOOKMARK [2][-]{subsection.1.1}{Axioms of discrete stochastic choice}{section.1}% 2
\BOOKMARK [2][-]{subsection.1.2}{Context effects}{section.1}% 3
\BOOKMARK [2][-]{subsection.1.3}{Our contribution}{section.1}% 4
\BOOKMARK [1][-]{section.2}{Models}{}% 5
\BOOKMARK [1][-]{section.3}{Inferential Methods}{}% 6
\BOOKMARK [1][-]{section.4}{Experimental Design}{}% 7
\BOOKMARK [1][-]{section.5}{Results}{}% 8
\BOOKMARK [2][-]{subsection.5.1}{Graphical Illustrations}{section.5}% 9
\BOOKMARK [2][-]{subsection.5.2}{Evaluating axioms using formal model comparison tools}{section.5}% 10
\BOOKMARK [1][-]{section.6}{Conclusions}{}% 11
\BOOKMARK [1][-]{appendix.A}{Definitions of axioms and basic results}{}% 12
\BOOKMARK [1][-]{appendix.B}{Domains}{}% 13
\BOOKMARK [2][-]{subsection.B.1}{No numerical attributes}{appendix.B}% 14
\BOOKMARK [3][-]{subsubsection.B.1.1}{Male stars}{subsection.B.1}% 15
\BOOKMARK [3][-]{subsubsection.B.1.2}{Female stars}{subsection.B.1}% 16
\BOOKMARK [3][-]{subsubsection.B.1.3}{Films}{subsection.B.1}% 17
\BOOKMARK [3][-]{subsubsection.B.1.4}{Star pairs}{subsection.B.1}% 18
\BOOKMARK [3][-]{subsubsection.B.1.5}{Pizzas}{subsection.B.1}% 19
\BOOKMARK [3][-]{subsubsection.B.1.6}{Juices}{subsection.B.1}% 20
\BOOKMARK [3][-]{subsubsection.B.1.7}{Colours}{subsection.B.1}% 21
\BOOKMARK [3][-]{subsubsection.B.1.8}{Colour pairs}{subsection.B.1}% 22
\BOOKMARK [3][-]{subsubsection.B.1.9}{Events}{subsection.B.1}% 23
\BOOKMARK [3][-]{subsubsection.B.1.10}{Radio formats}{subsection.B.1}% 24
\BOOKMARK [3][-]{subsubsection.B.1.11}{Musical artists}{subsection.B.1}% 25
\BOOKMARK [3][-]{subsubsection.B.1.12}{Aboriginal art}{subsection.B.1}% 26
\BOOKMARK [3][-]{subsubsection.B.1.13}{Impressionist art}{subsection.B.1}% 27
\BOOKMARK [3][-]{subsubsection.B.1.14}{Sentences}{subsection.B.1}% 28
\BOOKMARK [3][-]{subsubsection.B.1.15}{Travel}{subsection.B.1}% 29
\BOOKMARK [3][-]{subsubsection.B.1.16}{Marijuana}{subsection.B.1}% 30
\BOOKMARK [2][-]{subsection.B.2}{Single attributes, not directly observed}{appendix.B}% 31
\BOOKMARK [3][-]{subsubsection.B.2.1}{Latitude}{subsection.B.2}% 32
\BOOKMARK [3][-]{subsubsection.B.2.2}{Dots}{subsection.B.2}% 33
\BOOKMARK [3][-]{subsubsection.B.2.3}{Triangles}{subsection.B.2}% 34
\BOOKMARK [3][-]{subsubsection.B.2.4}{Population}{subsection.B.2}% 35
\BOOKMARK [3][-]{subsubsection.B.2.5}{Surface area}{subsection.B.2}% 36
\BOOKMARK [2][-]{subsection.B.3}{Objects with two attributes}{appendix.B}% 37
\BOOKMARK [3][-]{subsubsection.B.3.1}{Beer}{subsection.B.3}% 38
\BOOKMARK [3][-]{subsubsection.B.3.2}{Cars}{subsection.B.3}% 39
\BOOKMARK [3][-]{subsubsection.B.3.3}{Restaurants}{subsection.B.3}% 40
\BOOKMARK [3][-]{subsubsection.B.3.4}{Layovers}{subsection.B.3}% 41
\BOOKMARK [3][-]{subsubsection.B.3.5}{Delayed Choice}{subsection.B.3}% 42
\BOOKMARK [3][-]{subsubsection.B.3.6}{Phone plans}{subsection.B.3}% 43
\BOOKMARK [3][-]{subsubsection.B.3.7}{Hotel rooms}{subsection.B.3}% 44
\BOOKMARK [2][-]{subsection.B.4}{Objects with multiple attributes}{appendix.B}% 45
\BOOKMARK [3][-]{subsubsection.B.4.1}{Flight itineraries}{subsection.B.4}% 46
\BOOKMARK [3][-]{subsubsection.B.4.2}{Televisions}{subsection.B.4}% 47
\BOOKMARK [3][-]{subsubsection.B.4.3}{Coffee}{subsection.B.4}% 48
\BOOKMARK [3][-]{subsubsection.B.4.4}{Charity}{subsection.B.4}% 49
\BOOKMARK [1][-]{appendix.C}{Comments of respondents}{}% 50
