This is pdfTeX, Version 3.14159265-2.6-1.40.16 (TeX Live 2015) (preloaded format=pdflatex 2015.5.24)  3 JUN 2021 15:24
entering extended mode
 restricted \write18 enabled.
 %&-line parsing enabled.
**population_supplement.tex
(./population_supplement.tex
LaTeX2e <2015/01/01>
Babel <3.9l> and hyphenation patterns for 79 languages loaded.
(/usr/local/texlive/2015/texmf-dist/tex/latex/base/article.cls
Document Class: article 2014/09/29 v1.4h Standard LaTeX document class
(/usr/local/texlive/2015/texmf-dist/tex/latex/base/size11.clo
File: size11.clo 2014/09/29 v1.4h Standard LaTeX file (size option)
)
\c@part=\count79
\c@section=\count80
\c@subsection=\count81
\c@subsubsection=\count82
\c@paragraph=\count83
\c@subparagraph=\count84
\c@figure=\count85
\c@table=\count86
\abovecaptionskip=\skip41
\belowcaptionskip=\skip42
\bibindent=\dimen102
)
(/usr/local/texlive/2015/texmf-dist/tex/latex/geometry/geometry.sty
Package: geometry 2010/09/12 v5.6 Page Geometry

(/usr/local/texlive/2015/texmf-dist/tex/latex/graphics/keyval.sty
Package: keyval 2014/10/28 v1.15 key=value parser (DPC)
\KV@toks@=\toks14
)
(/usr/local/texlive/2015/texmf-dist/tex/generic/oberdiek/ifpdf.sty
Package: ifpdf 2011/01/30 v2.3 Provides the ifpdf switch (HO)
Package ifpdf Info: pdfTeX in PDF mode is detected.
)
(/usr/local/texlive/2015/texmf-dist/tex/generic/oberdiek/ifvtex.sty
Package: ifvtex 2010/03/01 v1.5 Detect VTeX and its facilities (HO)
Package ifvtex Info: VTeX not detected.
)
(/usr/local/texlive/2015/texmf-dist/tex/generic/ifxetex/ifxetex.sty
Package: ifxetex 2010/09/12 v0.6 Provides ifxetex conditional
)
\Gm@cnth=\count87
\Gm@cntv=\count88
\c@Gm@tempcnt=\count89
\Gm@bindingoffset=\dimen103
\Gm@wd@mp=\dimen104
\Gm@odd@mp=\dimen105
\Gm@even@mp=\dimen106
\Gm@layoutwidth=\dimen107
\Gm@layoutheight=\dimen108
\Gm@layouthoffset=\dimen109
\Gm@layoutvoffset=\dimen110
\Gm@dimlist=\toks15
)
(/usr/local/texlive/2015/texmf-dist/tex/latex/graphics/graphicx.sty
Package: graphicx 2014/10/28 v1.0g Enhanced LaTeX Graphics (DPC,SPQR)

(/usr/local/texlive/2015/texmf-dist/tex/latex/graphics/graphics.sty
Package: graphics 2014/10/28 v1.0p Standard LaTeX Graphics (DPC,SPQR)

(/usr/local/texlive/2015/texmf-dist/tex/latex/graphics/trig.sty
Package: trig 1999/03/16 v1.09 sin cos tan (DPC)
)
(/usr/local/texlive/2015/texmf-dist/tex/latex/latexconfig/graphics.cfg
File: graphics.cfg 2010/04/23 v1.9 graphics configuration of TeX Live
)
Package graphics Info: Driver file: pdftex.def on input line 94.

(/usr/local/texlive/2015/texmf-dist/tex/latex/pdftex-def/pdftex.def
File: pdftex.def 2011/05/27 v0.06d Graphics/color for pdfTeX

(/usr/local/texlive/2015/texmf-dist/tex/generic/oberdiek/infwarerr.sty
Package: infwarerr 2010/04/08 v1.3 Providing info/warning/error messages (HO)
)
(/usr/local/texlive/2015/texmf-dist/tex/generic/oberdiek/ltxcmds.sty
Package: ltxcmds 2011/11/09 v1.22 LaTeX kernel commands for general use (HO)
)
\Gread@gobject=\count90
))
\Gin@req@height=\dimen111
\Gin@req@width=\dimen112
)
(/usr/local/texlive/2015/texmf-dist/tex/latex/amsfonts/amssymb.sty
Package: amssymb 2013/01/14 v3.01 AMS font symbols

(/usr/local/texlive/2015/texmf-dist/tex/latex/amsfonts/amsfonts.sty
Package: amsfonts 2013/01/14 v3.01 Basic AMSFonts support
\@emptytoks=\toks16
\symAMSa=\mathgroup4
\symAMSb=\mathgroup5
LaTeX Font Info:    Overwriting math alphabet `\mathfrak' in version `bold'
(Font)                  U/euf/m/n --> U/euf/b/n on input line 106.
))
(/usr/local/texlive/2015/texmf-dist/tex/latex/amsmath/amsmath.sty
Package: amsmath 2013/01/14 v2.14 AMS math features
\@mathmargin=\skip43

For additional information on amsmath, use the `?' option.
(/usr/local/texlive/2015/texmf-dist/tex/latex/amsmath/amstext.sty
Package: amstext 2000/06/29 v2.01

(/usr/local/texlive/2015/texmf-dist/tex/latex/amsmath/amsgen.sty
File: amsgen.sty 1999/11/30 v2.0
\@emptytoks=\toks17
\ex@=\dimen113
))
(/usr/local/texlive/2015/texmf-dist/tex/latex/amsmath/amsbsy.sty
Package: amsbsy 1999/11/29 v1.2d
\pmbraise@=\dimen114
)
(/usr/local/texlive/2015/texmf-dist/tex/latex/amsmath/amsopn.sty
Package: amsopn 1999/12/14 v2.01 operator names
)
\inf@bad=\count91
LaTeX Info: Redefining \frac on input line 210.
\uproot@=\count92
\leftroot@=\count93
LaTeX Info: Redefining \overline on input line 306.
\classnum@=\count94
\DOTSCASE@=\count95
LaTeX Info: Redefining \ldots on input line 378.
LaTeX Info: Redefining \dots on input line 381.
LaTeX Info: Redefining \cdots on input line 466.
\Mathstrutbox@=\box26
\strutbox@=\box27
\big@size=\dimen115
LaTeX Font Info:    Redeclaring font encoding OML on input line 566.
LaTeX Font Info:    Redeclaring font encoding OMS on input line 567.
\macc@depth=\count96
\c@MaxMatrixCols=\count97
\dotsspace@=\muskip10
\c@parentequation=\count98
\dspbrk@lvl=\count99
\tag@help=\toks18
\row@=\count100
\column@=\count101
\maxfields@=\count102
\andhelp@=\toks19
\eqnshift@=\dimen116
\alignsep@=\dimen117
\tagshift@=\dimen118
\tagwidth@=\dimen119
\totwidth@=\dimen120
\lineht@=\dimen121
\@envbody=\toks20
\multlinegap=\skip44
\multlinetaggap=\skip45
\mathdisplay@stack=\toks21
LaTeX Info: Redefining \[ on input line 2665.
LaTeX Info: Redefining \] on input line 2666.
)
(/usr/local/texlive/2015/texmf-dist/tex/latex/multirow/multirow.sty
\bigstrutjot=\dimen122
)
(/usr/local/texlive/2015/texmf-dist/tex/latex/oberdiek/epstopdf.sty
Package: epstopdf 2010/02/09 v2.5 Conversion with epstopdf on the fly (HO)

(/usr/local/texlive/2015/texmf-dist/tex/latex/oberdiek/epstopdf-base.sty
Package: epstopdf-base 2010/02/09 v2.5 Base part for package epstopdf

(/usr/local/texlive/2015/texmf-dist/tex/latex/oberdiek/grfext.sty
Package: grfext 2010/08/19 v1.1 Manage graphics extensions (HO)

(/usr/local/texlive/2015/texmf-dist/tex/generic/oberdiek/kvdefinekeys.sty
Package: kvdefinekeys 2011/04/07 v1.3 Define keys (HO)
))
(/usr/local/texlive/2015/texmf-dist/tex/latex/oberdiek/kvoptions.sty
Package: kvoptions 2011/06/30 v3.11 Key value format for package options (HO)

(/usr/local/texlive/2015/texmf-dist/tex/generic/oberdiek/kvsetkeys.sty
Package: kvsetkeys 2012/04/25 v1.16 Key value parser (HO)

(/usr/local/texlive/2015/texmf-dist/tex/generic/oberdiek/etexcmds.sty
Package: etexcmds 2011/02/16 v1.5 Avoid name clashes with e-TeX commands (HO)

(/usr/local/texlive/2015/texmf-dist/tex/generic/oberdiek/ifluatex.sty
Package: ifluatex 2010/03/01 v1.3 Provides the ifluatex switch (HO)
Package ifluatex Info: LuaTeX not detected.
)
Package etexcmds Info: Could not find \expanded.
(etexcmds)             That can mean that you are not using pdfTeX 1.50 or
(etexcmds)             that some package has redefined \expanded.
(etexcmds)             In the latter case, load this package earlier.
)))
(/usr/local/texlive/2015/texmf-dist/tex/generic/oberdiek/pdftexcmds.sty
Package: pdftexcmds 2011/11/29 v0.20 Utility functions of pdfTeX for LuaTeX (HO
)
Package pdftexcmds Info: LuaTeX not detected.
Package pdftexcmds Info: \pdf@primitive is available.
Package pdftexcmds Info: \pdf@ifprimitive is available.
Package pdftexcmds Info: \pdfdraftmode found.
)
Package grfext Info: Graphics extension search list:
(grfext)             [.png,.pdf,.jpg,.mps,.jpeg,.jbig2,.jb2,.PNG,.PDF,.JPG,.JPE
G,.JBIG2,.JB2,.eps]
(grfext)             \AppendGraphicsExtensions on input line 452.

(/usr/local/texlive/2015/texmf-dist/tex/latex/latexconfig/epstopdf-sys.cfg
File: epstopdf-sys.cfg 2010/07/13 v1.3 Configuration of (r)epstopdf for TeX Liv
e
)))
(/usr/local/texlive/2015/texmf-dist/tex/latex/setspace/setspace.sty
Package: setspace 2011/12/19 v6.7a set line spacing
)
(/usr/local/texlive/2015/texmf-dist/tex/latex/currfile/currfile.sty
Package: currfile 2013/02/01 v0.7b Provides the file path elements of the curre
nt input file

(/usr/local/texlive/2015/texmf-dist/tex/latex/filehook/filehook.sty
Package: filehook 2011/10/12 v0.5d Hooks for input files
)
\c@currfiledepth=\count103
)
(/Users/williammccausland/Library/texmf/tex/latex/harvard.sty
Package: harvard 

(/usr/local/texlive/2015/texmf-dist/tex/latex/base/ifthen.sty
Package: ifthen 2014/09/29 v1.1c Standard LaTeX ifthen package (DPC)
))
(/usr/local/texlive/2015/texmf-dist/tex/latex/lineno/lineno.sty
Package: lineno 2005/11/02 line numbers on paragraphs v4.41
\linenopenalty=\count104
\output=\toks22
\linenoprevgraf=\count105
\linenumbersep=\dimen123
\linenumberwidth=\dimen124
\c@linenumber=\count106
\c@pagewiselinenumber=\count107
\c@LN@truepage=\count108
\c@internallinenumber=\count109
\c@internallinenumbers=\count110
\quotelinenumbersep=\dimen125
\bframerule=\dimen126
\bframesep=\dimen127
\bframebox=\box28
LaTeX Info: Redefining \\ on input line 3056.
)
(/usr/local/texlive/2015/texmf-dist/tex/latex/xcolor/xcolor.sty
Package: xcolor 2007/01/21 v2.11 LaTeX color extensions (UK)

(/usr/local/texlive/2015/texmf-dist/tex/latex/latexconfig/color.cfg
File: color.cfg 2007/01/18 v1.5 color configuration of teTeX/TeXLive
)
Package xcolor Info: Driver file: pdftex.def on input line 225.
Package xcolor Info: Model `cmy' substituted by `cmy0' on input line 1337.
Package xcolor Info: Model `hsb' substituted by `rgb' on input line 1341.
Package xcolor Info: Model `RGB' extended on input line 1353.
Package xcolor Info: Model `HTML' substituted by `rgb' on input line 1355.
Package xcolor Info: Model `Hsb' substituted by `hsb' on input line 1356.
Package xcolor Info: Model `tHsb' substituted by `hsb' on input line 1357.
Package xcolor Info: Model `HSB' substituted by `hsb' on input line 1358.
Package xcolor Info: Model `Gray' substituted by `gray' on input line 1359.
Package xcolor Info: Model `wave' substituted by `hsb' on input line 1360.
)
(/usr/local/texlive/2015/texmf-dist/tex/latex/framed/framed.sty
Package: framed 2011/10/22 v 0.96: framed or shaded text with page breaks
\OuterFrameSep=\skip46
\fb@frw=\dimen128
\fb@frh=\dimen129
\FrameRule=\dimen130
\FrameSep=\dimen131
)
(/usr/local/texlive/2015/texmf-dist/tex/latex/tcolorbox/tcolorbox.sty
Package: tcolorbox 2015/05/07 version 3.60 text color boxes

(/usr/local/texlive/2015/texmf-dist/tex/latex/pgf/basiclayer/pgf.sty
(/usr/local/texlive/2015/texmf-dist/tex/latex/pgf/utilities/pgfrcs.sty
(/usr/local/texlive/2015/texmf-dist/tex/generic/pgf/utilities/pgfutil-common.te
x
\pgfutil@everybye=\toks23
\pgfutil@tempdima=\dimen132
\pgfutil@tempdimb=\dimen133

(/usr/local/texlive/2015/texmf-dist/tex/generic/pgf/utilities/pgfutil-common-li
sts.tex))
(/usr/local/texlive/2015/texmf-dist/tex/generic/pgf/utilities/pgfutil-latex.def
\pgfutil@abb=\box29
(/usr/local/texlive/2015/texmf-dist/tex/latex/ms/everyshi.sty
Package: everyshi 2001/05/15 v3.00 EveryShipout Package (MS)
))
(/usr/local/texlive/2015/texmf-dist/tex/generic/pgf/utilities/pgfrcs.code.tex
Package: pgfrcs 2013/12/20 v3.0.0 (rcs-revision 1.28)
))
Package: pgf 2013/12/18 v3.0.0 (rcs-revision 1.14)
(/usr/local/texlive/2015/texmf-dist/tex/latex/pgf/basiclayer/pgfcore.sty
(/usr/local/texlive/2015/texmf-dist/tex/latex/pgf/systemlayer/pgfsys.sty
(/usr/local/texlive/2015/texmf-dist/tex/generic/pgf/systemlayer/pgfsys.code.tex
Package: pgfsys 2013/11/30 v3.0.0 (rcs-revision 1.47)
(/usr/local/texlive/2015/texmf-dist/tex/generic/pgf/utilities/pgfkeys.code.tex
\pgfkeys@pathtoks=\toks24
\pgfkeys@temptoks=\toks25

(/usr/local/texlive/2015/texmf-dist/tex/generic/pgf/utilities/pgfkeysfiltered.c
ode.tex
\pgfkeys@tmptoks=\toks26
))
\pgf@x=\dimen134
\pgf@y=\dimen135
\pgf@xa=\dimen136
\pgf@ya=\dimen137
\pgf@xb=\dimen138
\pgf@yb=\dimen139
\pgf@xc=\dimen140
\pgf@yc=\dimen141
\w@pgf@writea=\write3
\r@pgf@reada=\read1
\c@pgf@counta=\count111
\c@pgf@countb=\count112
\c@pgf@countc=\count113
\c@pgf@countd=\count114
\t@pgf@toka=\toks27
\t@pgf@tokb=\toks28
\t@pgf@tokc=\toks29

(/usr/local/texlive/2015/texmf-dist/tex/generic/pgf/systemlayer/pgf.cfg
File: pgf.cfg 2008/05/14  (rcs-revision 1.7)
)
Driver file for pgf: pgfsys-pdftex.def

(/usr/local/texlive/2015/texmf-dist/tex/generic/pgf/systemlayer/pgfsys-pdftex.d
ef
File: pgfsys-pdftex.def 2013/07/18  (rcs-revision 1.33)

(/usr/local/texlive/2015/texmf-dist/tex/generic/pgf/systemlayer/pgfsys-common-p
df.def
File: pgfsys-common-pdf.def 2013/10/10  (rcs-revision 1.13)
)))
(/usr/local/texlive/2015/texmf-dist/tex/generic/pgf/systemlayer/pgfsyssoftpath.
code.tex
File: pgfsyssoftpath.code.tex 2013/09/09  (rcs-revision 1.9)
\pgfsyssoftpath@smallbuffer@items=\count115
\pgfsyssoftpath@bigbuffer@items=\count116
)
(/usr/local/texlive/2015/texmf-dist/tex/generic/pgf/systemlayer/pgfsysprotocol.
code.tex
File: pgfsysprotocol.code.tex 2006/10/16  (rcs-revision 1.4)
))
(/usr/local/texlive/2015/texmf-dist/tex/generic/pgf/basiclayer/pgfcore.code.tex
Package: pgfcore 2010/04/11 v3.0.0 (rcs-revision 1.7)
(/usr/local/texlive/2015/texmf-dist/tex/generic/pgf/math/pgfmath.code.tex
(/usr/local/texlive/2015/texmf-dist/tex/generic/pgf/math/pgfmathcalc.code.tex
(/usr/local/texlive/2015/texmf-dist/tex/generic/pgf/math/pgfmathutil.code.tex)
(/usr/local/texlive/2015/texmf-dist/tex/generic/pgf/math/pgfmathparser.code.tex
\pgfmath@dimen=\dimen142
\pgfmath@count=\count117
\pgfmath@box=\box30
\pgfmath@toks=\toks30
\pgfmath@stack@operand=\toks31
\pgfmath@stack@operation=\toks32
)
(/usr/local/texlive/2015/texmf-dist/tex/generic/pgf/math/pgfmathfunctions.code.
tex
(/usr/local/texlive/2015/texmf-dist/tex/generic/pgf/math/pgfmathfunctions.basic
.code.tex)
(/usr/local/texlive/2015/texmf-dist/tex/generic/pgf/math/pgfmathfunctions.trigo
nometric.code.tex)
(/usr/local/texlive/2015/texmf-dist/tex/generic/pgf/math/pgfmathfunctions.rando
m.code.tex)
(/usr/local/texlive/2015/texmf-dist/tex/generic/pgf/math/pgfmathfunctions.compa
rison.code.tex)
(/usr/local/texlive/2015/texmf-dist/tex/generic/pgf/math/pgfmathfunctions.base.
code.tex)
(/usr/local/texlive/2015/texmf-dist/tex/generic/pgf/math/pgfmathfunctions.round
.code.tex)
(/usr/local/texlive/2015/texmf-dist/tex/generic/pgf/math/pgfmathfunctions.misc.
code.tex)
(/usr/local/texlive/2015/texmf-dist/tex/generic/pgf/math/pgfmathfunctions.integ
erarithmetics.code.tex)))
(/usr/local/texlive/2015/texmf-dist/tex/generic/pgf/math/pgfmathfloat.code.tex
\c@pgfmathroundto@lastzeros=\count118
))
(/usr/local/texlive/2015/texmf-dist/tex/generic/pgf/basiclayer/pgfcorepoints.co
de.tex
File: pgfcorepoints.code.tex 2013/10/07  (rcs-revision 1.27)
\pgf@picminx=\dimen143
\pgf@picmaxx=\dimen144
\pgf@picminy=\dimen145
\pgf@picmaxy=\dimen146
\pgf@pathminx=\dimen147
\pgf@pathmaxx=\dimen148
\pgf@pathminy=\dimen149
\pgf@pathmaxy=\dimen150
\pgf@xx=\dimen151
\pgf@xy=\dimen152
\pgf@yx=\dimen153
\pgf@yy=\dimen154
\pgf@zx=\dimen155
\pgf@zy=\dimen156
)
(/usr/local/texlive/2015/texmf-dist/tex/generic/pgf/basiclayer/pgfcorepathconst
ruct.code.tex
File: pgfcorepathconstruct.code.tex 2013/10/07  (rcs-revision 1.29)
\pgf@path@lastx=\dimen157
\pgf@path@lasty=\dimen158
)
(/usr/local/texlive/2015/texmf-dist/tex/generic/pgf/basiclayer/pgfcorepathusage
.code.tex
File: pgfcorepathusage.code.tex 2013/12/13  (rcs-revision 1.23)
\pgf@shorten@end@additional=\dimen159
\pgf@shorten@start@additional=\dimen160
)
(/usr/local/texlive/2015/texmf-dist/tex/generic/pgf/basiclayer/pgfcorescopes.co
de.tex
File: pgfcorescopes.code.tex 2013/10/09  (rcs-revision 1.44)
\pgfpic=\box31
\pgf@hbox=\box32
\pgf@layerbox@main=\box33
\pgf@picture@serial@count=\count119
)
(/usr/local/texlive/2015/texmf-dist/tex/generic/pgf/basiclayer/pgfcoregraphicst
ate.code.tex
File: pgfcoregraphicstate.code.tex 2013/09/19  (rcs-revision 1.11)
\pgflinewidth=\dimen161
)
(/usr/local/texlive/2015/texmf-dist/tex/generic/pgf/basiclayer/pgfcoretransform
ations.code.tex
File: pgfcoretransformations.code.tex 2013/10/10  (rcs-revision 1.17)
\pgf@pt@x=\dimen162
\pgf@pt@y=\dimen163
\pgf@pt@temp=\dimen164
)
(/usr/local/texlive/2015/texmf-dist/tex/generic/pgf/basiclayer/pgfcorequick.cod
e.tex
File: pgfcorequick.code.tex 2008/10/09  (rcs-revision 1.3)
)
(/usr/local/texlive/2015/texmf-dist/tex/generic/pgf/basiclayer/pgfcoreobjects.c
ode.tex
File: pgfcoreobjects.code.tex 2006/10/11  (rcs-revision 1.2)
)
(/usr/local/texlive/2015/texmf-dist/tex/generic/pgf/basiclayer/pgfcorepathproce
ssing.code.tex
File: pgfcorepathprocessing.code.tex 2013/09/09  (rcs-revision 1.9)
)
(/usr/local/texlive/2015/texmf-dist/tex/generic/pgf/basiclayer/pgfcorearrows.co
de.tex
File: pgfcorearrows.code.tex 2013/11/07  (rcs-revision 1.40)
\pgfarrowsep=\dimen165
)
(/usr/local/texlive/2015/texmf-dist/tex/generic/pgf/basiclayer/pgfcoreshade.cod
e.tex
File: pgfcoreshade.code.tex 2013/07/15  (rcs-revision 1.15)
\pgf@max=\dimen166
\pgf@sys@shading@range@num=\count120
)
(/usr/local/texlive/2015/texmf-dist/tex/generic/pgf/basiclayer/pgfcoreimage.cod
e.tex
File: pgfcoreimage.code.tex 2013/07/15  (rcs-revision 1.18)

(/usr/local/texlive/2015/texmf-dist/tex/generic/pgf/basiclayer/pgfcoreexternal.
code.tex
File: pgfcoreexternal.code.tex 2013/07/15  (rcs-revision 1.20)
\pgfexternal@startupbox=\box34
))
(/usr/local/texlive/2015/texmf-dist/tex/generic/pgf/basiclayer/pgfcorelayers.co
de.tex
File: pgfcorelayers.code.tex 2013/07/18  (rcs-revision 1.7)
)
(/usr/local/texlive/2015/texmf-dist/tex/generic/pgf/basiclayer/pgfcoretranspare
ncy.code.tex
File: pgfcoretransparency.code.tex 2013/09/30  (rcs-revision 1.5)
)
(/usr/local/texlive/2015/texmf-dist/tex/generic/pgf/basiclayer/pgfcorepatterns.
code.tex
File: pgfcorepatterns.code.tex 2013/11/07  (rcs-revision 1.5)
)))
(/usr/local/texlive/2015/texmf-dist/tex/generic/pgf/modules/pgfmoduleshapes.cod
e.tex
File: pgfmoduleshapes.code.tex 2013/10/31  (rcs-revision 1.34)
\pgfnodeparttextbox=\box35
)
(/usr/local/texlive/2015/texmf-dist/tex/generic/pgf/modules/pgfmoduleplot.code.
tex
File: pgfmoduleplot.code.tex 2013/07/31  (rcs-revision 1.12)
)
(/usr/local/texlive/2015/texmf-dist/tex/latex/pgf/compatibility/pgfcomp-version
-0-65.sty
Package: pgfcomp-version-0-65 2007/07/03 v3.0.0 (rcs-revision 1.7)
\pgf@nodesepstart=\dimen167
\pgf@nodesepend=\dimen168
)
(/usr/local/texlive/2015/texmf-dist/tex/latex/pgf/compatibility/pgfcomp-version
-1-18.sty
Package: pgfcomp-version-1-18 2007/07/23 v3.0.0 (rcs-revision 1.1)
)) (/usr/local/texlive/2015/texmf-dist/tex/latex/tools/verbatim.sty
Package: verbatim 2014/10/28 v1.5q LaTeX2e package for verbatim enhancements
\every@verbatim=\toks33
\verbatim@line=\toks34
\verbatim@in@stream=\read2
)
(/usr/local/texlive/2015/texmf-dist/tex/latex/environ/environ.sty
Package: environ 2014/05/04 v0.3 A new way to define environments

(/usr/local/texlive/2015/texmf-dist/tex/latex/trimspaces/trimspaces.sty
Package: trimspaces 2009/09/17 v1.1 Trim spaces around a token list
))
(/usr/local/texlive/2015/texmf-dist/tex/latex/etoolbox/etoolbox.sty
Package: etoolbox 2015/05/04 v2.2 e-TeX tools for LaTeX (JAW)
\etb@tempcnta=\count121
)
\tcb@titlebox=\box36
\tcb@upperbox=\box37
\tcb@lowerbox=\box38
\tcb@phantombox=\box39
\c@tcbbreakpart=\count122
\c@tcblayer=\count123
\tcb@temp=\box40
\tcb@temp=\box41
\tcb@temp=\box42
\tcb@temp=\box43
\tcb@out=\write4
\tcb@record@out=\write5
)
(/usr/local/texlive/2015/texmf-dist/tex/latex/was/gensymb.sty
Package: gensymb 2003/07/02 v1.0 (WaS)
)
(/usr/local/texlive/2015/texmf-dist/tex/latex/pdfpages/pdfpages.sty
Package: pdfpages 2015/05/11 v0.4x Insert pages of external PDF documents (AM)

(/usr/local/texlive/2015/texmf-dist/tex/latex/tools/calc.sty
Package: calc 2014/10/28 v4.3 Infix arithmetic (KKT,FJ)
\calc@Acount=\count124
\calc@Bcount=\count125
\calc@Adimen=\dimen169
\calc@Bdimen=\dimen170
\calc@Askip=\skip47
\calc@Bskip=\skip48
LaTeX Info: Redefining \setlength on input line 80.
LaTeX Info: Redefining \addtolength on input line 81.
\calc@Ccount=\count126
\calc@Cskip=\skip49
)
(/usr/local/texlive/2015/texmf-dist/tex/latex/eso-pic/eso-pic.sty
Package: eso-pic 2015/04/20 v2.0e eso-pic (RN)

(/usr/local/texlive/2015/texmf-dist/tex/generic/oberdiek/atbegshi.sty
Package: atbegshi 2011/10/05 v1.16 At begin shipout hook (HO)
))
\AM@pagewidth=\dimen171
\AM@pageheight=\dimen172

(/usr/local/texlive/2015/texmf-dist/tex/latex/pdfpages/pppdftex.def
File: pppdftex.def 2015/05/11 v0.4x Pdfpages driver for pdfTeX (AM)
)
\AM@pagebox=\box44
\AM@toc@title=\toks35
\c@AM@survey=\count127
\AM@templatesizebox=\box45
)
(/usr/local/texlive/2015/texmf-dist/tex/latex/hyperref/hyperref.sty
Package: hyperref 2012/11/06 v6.83m Hypertext links for LaTeX

(/usr/local/texlive/2015/texmf-dist/tex/generic/oberdiek/hobsub-hyperref.sty
Package: hobsub-hyperref 2012/05/28 v1.13 Bundle oberdiek, subset hyperref (HO)


(/usr/local/texlive/2015/texmf-dist/tex/generic/oberdiek/hobsub-generic.sty
Package: hobsub-generic 2012/05/28 v1.13 Bundle oberdiek, subset generic (HO)
Package: hobsub 2012/05/28 v1.13 Construct package bundles (HO)
Package hobsub Info: Skipping package `infwarerr' (already loaded).
Package hobsub Info: Skipping package `ltxcmds' (already loaded).
Package hobsub Info: Skipping package `ifluatex' (already loaded).
Package hobsub Info: Skipping package `ifvtex' (already loaded).
Package: intcalc 2007/09/27 v1.1 Expandable calculations with integers (HO)
Package hobsub Info: Skipping package `ifpdf' (already loaded).
Package hobsub Info: Skipping package `etexcmds' (already loaded).
Package hobsub Info: Skipping package `kvsetkeys' (already loaded).
Package hobsub Info: Skipping package `kvdefinekeys' (already loaded).
Package hobsub Info: Skipping package `pdftexcmds' (already loaded).
Package: pdfescape 2011/11/25 v1.13 Implements pdfTeX's escape features (HO)
Package: bigintcalc 2012/04/08 v1.3 Expandable calculations on big integers (HO
)
Package: bitset 2011/01/30 v1.1 Handle bit-vector datatype (HO)
Package: uniquecounter 2011/01/30 v1.2 Provide unlimited unique counter (HO)
)
Package hobsub Info: Skipping package `hobsub' (already loaded).
Package: letltxmacro 2010/09/02 v1.4 Let assignment for LaTeX macros (HO)
Package: hopatch 2012/05/28 v1.2 Wrapper for package hooks (HO)
Package: xcolor-patch 2011/01/30 xcolor patch
Package: atveryend 2011/06/30 v1.8 Hooks at the very end of document (HO)
Package hobsub Info: Skipping package `atbegshi' (already loaded).
Package: refcount 2011/10/16 v3.4 Data extraction from label references (HO)
Package: hycolor 2011/01/30 v1.7 Color options for hyperref/bookmark (HO)
)
(/usr/local/texlive/2015/texmf-dist/tex/latex/oberdiek/auxhook.sty
Package: auxhook 2011/03/04 v1.3 Hooks for auxiliary files (HO)
)
\@linkdim=\dimen173
\Hy@linkcounter=\count128
\Hy@pagecounter=\count129

(/usr/local/texlive/2015/texmf-dist/tex/latex/hyperref/pd1enc.def
File: pd1enc.def 2012/11/06 v6.83m Hyperref: PDFDocEncoding definition (HO)
)
\Hy@SavedSpaceFactor=\count130

(/usr/local/texlive/2015/texmf-dist/tex/latex/latexconfig/hyperref.cfg
File: hyperref.cfg 2002/06/06 v1.2 hyperref configuration of TeXLive
)
Package hyperref Info: Hyper figures OFF on input line 4443.
Package hyperref Info: Link nesting OFF on input line 4448.
Package hyperref Info: Hyper index ON on input line 4451.
Package hyperref Info: Plain pages OFF on input line 4458.
Package hyperref Info: Backreferencing OFF on input line 4463.
Package hyperref Info: Implicit mode ON; LaTeX internals redefined.
Package hyperref Info: Bookmarks ON on input line 4688.
\c@Hy@tempcnt=\count131

(/usr/local/texlive/2015/texmf-dist/tex/latex/url/url.sty
\Urlmuskip=\muskip11
Package: url 2013/09/16  ver 3.4  Verb mode for urls, etc.
)
LaTeX Info: Redefining \url on input line 5041.
\XeTeXLinkMargin=\dimen174
\Fld@menulength=\count132
\Field@Width=\dimen175
\Fld@charsize=\dimen176
Package hyperref Info: Hyper figures OFF on input line 6295.
Package hyperref Info: Link nesting OFF on input line 6300.
Package hyperref Info: Hyper index ON on input line 6303.
Package hyperref Info: backreferencing OFF on input line 6310.
Package hyperref Info: Link coloring OFF on input line 6315.
Package hyperref Info: Link coloring with OCG OFF on input line 6320.
Package hyperref Info: PDF/A mode OFF on input line 6325.
LaTeX Info: Redefining \ref on input line 6365.
LaTeX Info: Redefining \pageref on input line 6369.
\Hy@abspage=\count133
\c@Item=\count134
\c@Hfootnote=\count135
)

Package hyperref Message: Driver (autodetected): hpdftex.

(/usr/local/texlive/2015/texmf-dist/tex/latex/hyperref/hpdftex.def
File: hpdftex.def 2012/11/06 v6.83m Hyperref driver for pdfTeX
\Fld@listcount=\count136
\c@bookmark@seq@number=\count137

(/usr/local/texlive/2015/texmf-dist/tex/latex/oberdiek/rerunfilecheck.sty
Package: rerunfilecheck 2011/04/15 v1.7 Rerun checks for auxiliary files (HO)
Package uniquecounter Info: New unique counter `rerunfilecheck' on input line 2
82.
)
\Hy@SectionHShift=\skip50
)
Package hyperref Info: Option `colorlinks' set `true' on input line 35.

(/usr/local/texlive/2015/texmf-dist/tex/latex/preprint/authblk.sty
Package: authblk 2001/02/27 1.3 (PWD)
\affilsep=\skip51
\@affilsep=\skip52
\c@Maxaffil=\count138
\c@authors=\count139
\c@affil=\count140
)

LaTeX Warning: Unused global option(s):
    [letter].

(./population_supplement.aux)
\openout1 = `population_supplement.aux'.

LaTeX Font Info:    Checking defaults for OML/cmm/m/it on input line 54.
LaTeX Font Info:    ... okay on input line 54.
LaTeX Font Info:    Checking defaults for T1/cmr/m/n on input line 54.
LaTeX Font Info:    ... okay on input line 54.
LaTeX Font Info:    Checking defaults for OT1/cmr/m/n on input line 54.
LaTeX Font Info:    ... okay on input line 54.
LaTeX Font Info:    Checking defaults for OMS/cmsy/m/n on input line 54.
LaTeX Font Info:    ... okay on input line 54.
LaTeX Font Info:    Checking defaults for OMX/cmex/m/n on input line 54.
LaTeX Font Info:    ... okay on input line 54.
LaTeX Font Info:    Checking defaults for U/cmr/m/n on input line 54.
LaTeX Font Info:    ... okay on input line 54.
LaTeX Font Info:    Checking defaults for PD1/pdf/m/n on input line 54.
LaTeX Font Info:    ... okay on input line 54.

*geometry* driver: auto-detecting
*geometry* detected driver: pdftex
*geometry* verbose mode - [ preamble ] result:
* driver: pdftex
* paper: <default>
* layout: <same size as paper>
* layoutoffset:(h,v)=(0.0pt,0.0pt)
* modes: 
* h-part:(L,W,R)=(72.26999pt, 469.75502pt, 72.26999pt)
* v-part:(T,H,B)=(72.26999pt, 650.43001pt, 72.26999pt)
* \paperwidth=614.295pt
* \paperheight=794.96999pt
* \textwidth=469.75502pt
* \textheight=650.43001pt
* \oddsidemargin=0.0pt
* \evensidemargin=0.0pt
* \topmargin=-37.0pt
* \headheight=12.0pt
* \headsep=25.0pt
* \topskip=11.0pt
* \footskip=30.0pt
* \marginparwidth=59.0pt
* \marginparsep=10.0pt
* \columnsep=10.0pt
* \skip\footins=10.0pt plus 4.0pt minus 2.0pt
* \hoffset=0.0pt
* \voffset=0.0pt
* \mag=1000
* \@twocolumnfalse
* \@twosidefalse
* \@mparswitchfalse
* \@reversemarginfalse
* (1in=72.27pt=25.4mm, 1cm=28.453pt)

(/usr/local/texlive/2015/texmf-dist/tex/context/base/supp-pdf.mkii
[Loading MPS to PDF converter (version 2006.09.02).]
\scratchcounter=\count141
\scratchdimen=\dimen177
\scratchbox=\box46
\nofMPsegments=\count142
\nofMParguments=\count143
\everyMPshowfont=\toks36
\MPscratchCnt=\count144
\MPscratchDim=\dimen178
\MPnumerator=\count145
\makeMPintoPDFobject=\count146
\everyMPtoPDFconversion=\toks37
) ABD: EveryShipout initializing macros
LaTeX Info: Redefining \celsius on input line 54.
Package gensymb Info: Faking symbols for \degree and \celsius on input line 54.



Package gensymb Warning: Not defining \perthousand.

LaTeX Info: Redefining \ohm on input line 54.
Package gensymb Info: Using \Omega for \ohm on input line 54.

Package gensymb Warning: Not defining \micro.

\AtBeginShipoutBox=\box47
Package hyperref Info: Link coloring ON on input line 54.
(/usr/local/texlive/2015/texmf-dist/tex/latex/hyperref/nameref.sty
Package: nameref 2012/10/27 v2.43 Cross-referencing by name of section

(/usr/local/texlive/2015/texmf-dist/tex/generic/oberdiek/gettitlestring.sty
Package: gettitlestring 2010/12/03 v1.4 Cleanup title references (HO)
)
\c@section@level=\count147
)
LaTeX Info: Redefining \ref on input line 54.
LaTeX Info: Redefining \pageref on input line 54.
LaTeX Info: Redefining \nameref on input line 54.

(./population_supplement.out) (./population_supplement.out)
\@outlinefile=\write6
\openout6 = `population_supplement.out'.

Package hyperref Info: *** compatibility with harvard ****  on input line 54.
LaTeX Font Info:    Try loading font information for U+msa on input line 56.

(/usr/local/texlive/2015/texmf-dist/tex/latex/amsfonts/umsa.fd
File: umsa.fd 2013/01/14 v3.01 AMS symbols A
)
LaTeX Font Info:    Try loading font information for U+msb on input line 56.

(/usr/local/texlive/2015/texmf-dist/tex/latex/amsfonts/umsb.fd
File: umsb.fd 2013/01/14 v3.01 AMS symbols B
)
LaTeX Font Info:    Try loading font information for OMS+cmr on input line 56.

(/usr/local/texlive/2015/texmf-dist/tex/latex/base/omscmr.fd
File: omscmr.fd 2014/09/29 v2.5h Standard LaTeX font definitions
)
LaTeX Font Info:    Font shape `OMS/cmr/m/n' in size <8> not available
(Font)              Font shape `OMS/cmsy/m/n' tried instead on input line 56.
LaTeX Font Info:    Font shape `OMS/cmr/m/n' in size <6> not available
(Font)              Font shape `OMS/cmsy/m/n' tried instead on input line 56.
 [1

{/usr/local/texlive/2015/texmf-var/fonts/map/pdftex/updmap/pdftex.map}]
(./Domain_tex/male_stars.tex
LaTeX Font Info:    Font shape `OMS/cmr/m/n' in size <10.95> not available
(Font)              Font shape `OMS/cmsy/m/n' tried instead on input line 12.
)
<Population_study_design/screenshot_Male_Stars.png, id=158, 956.57375pt x 254.9
525pt>
File: Population_study_design/screenshot_Male_Stars.png Graphic file (type png)

 <use Population_study_design/screenshot_Male_Stars.png>
Package pdftex.def Info: Population_study_design/screenshot_Male_Stars.png used
 on input line 73.
(pdftex.def)             Requested size: 426.79134pt x 113.7511pt.

<./Population_study_data/Simplexes/Male_stars.pdf, id=160, 650.43pt x 289.08pt>
File: ./Population_study_data/Simplexes/Male_stars.pdf Graphic file (type pdf)
<use ./Population_study_data/Simplexes/Male_stars.pdf>
Package pdftex.def Info: ./Population_study_data/Simplexes/Male_stars.pdf used 
on input line 77.
(pdftex.def)             Requested size: 426.79134pt x 189.69063pt.
 [2 <./Population_study_design/screenshot_Male_Stars.png> <./Population_study_d
ata/Simplexes/Male_stars.pdf>] (./Domain_tex/female_stars.tex)
<Population_study_design/screenshot_Female_Stars.png, id=177, 957.5775pt x 278.
03876pt>
File: Population_study_design/screenshot_Female_Stars.png Graphic file (type pn
g)
 <use Population_study_design/screenshot_Female_Stars.png>
Package pdftex.def Info: Population_study_design/screenshot_Female_Stars.png us
ed on input line 88.
(pdftex.def)             Requested size: 426.79134pt x 123.91989pt.

<./Population_study_data/Simplexes/Female_stars.pdf, id=178, 650.43pt x 289.08p
t>
File: ./Population_study_data/Simplexes/Female_stars.pdf Graphic file (type pdf
)
 <use ./Population_study_data/Simplexes/Female_stars.pdf>
Package pdftex.def Info: ./Population_study_data/Simplexes/Female_stars.pdf use
d on input line 92.
(pdftex.def)             Requested size: 426.79134pt x 189.69063pt.
 [3 <./Population_study_design/screenshot_Female_Stars.png> <./Population_study
_data/Simplexes/Female_stars.pdf>] (./Domain_tex/films.tex
Underfull \hbox (badness 10000) in paragraph at lines 12--14

 []


Underfull \hbox (badness 10000) in paragraph at lines 14--18

 []


Underfull \hbox (badness 10000) in paragraph at lines 18--20

 []


Underfull \hbox (badness 10000) in paragraph at lines 20--22

 []

)
<Population_study_design/screenshot_Films.png, id=192, 957.5775pt x 275.0275pt>
File: Population_study_design/screenshot_Films.png Graphic file (type png)
<use Population_study_design/screenshot_Films.png>
Package pdftex.def Info: Population_study_design/screenshot_Films.png used on i
nput line 103.
(pdftex.def)             Requested size: 426.79134pt x 122.57779pt.

<./Population_study_data/Simplexes/Films.pdf, id=193, 650.43pt x 289.08pt>
File: ./Population_study_data/Simplexes/Films.pdf Graphic file (type pdf)

<use ./Population_study_data/Simplexes/Films.pdf>
Package pdftex.def Info: ./Population_study_data/Simplexes/Films.pdf used on in
put line 107.
(pdftex.def)             Requested size: 426.79134pt x 189.69063pt.
 [4 <./Population_study_design/screenshot_Films.png>] [5 <./Population_study_da
ta/Simplexes/Films.pdf>]
(./Domain_tex/star_pairs.tex)
<Population_study_design/screenshot_Star_Pairs.png, id=212, 959.585pt x 279.042
5pt>
File: Population_study_design/screenshot_Star_Pairs.png Graphic file (type png)

 <use Population_study_design/screenshot_Star_Pairs.png>
Package pdftex.def Info: Population_study_design/screenshot_Star_Pairs.png used
 on input line 118.
(pdftex.def)             Requested size: 426.79134pt x 124.10751pt.

<./Population_study_data/Simplexes/Star_pairs.pdf, id=213, 650.43pt x 289.08pt>
File: ./Population_study_data/Simplexes/Star_pairs.pdf Graphic file (type pdf)
<use ./Population_study_data/Simplexes/Star_pairs.pdf>
Package pdftex.def Info: ./Population_study_data/Simplexes/Star_pairs.pdf used 
on input line 122.
(pdftex.def)             Requested size: 426.79134pt x 189.69063pt.
 [6 <./Population_study_design/screenshot_Star_Pairs.png> <./Population_study_d
ata/Simplexes/Star_pairs.pdf>] (./Domain_tex/pizzas.tex)
<Population_study_design/screenshot_Pizzas.png, id=228, 956.57375pt x 301.125pt
>
File: Population_study_design/screenshot_Pizzas.png Graphic file (type png)
 <use Population_study_design/screenshot_Pizzas.png>
Package pdftex.def Info: Population_study_design/screenshot_Pizzas.png used on 
input line 133.
(pdftex.def)             Requested size: 426.79134pt x 134.3517pt.

<./Population_study_data/Simplexes/Pizzas.pdf, id=229, 650.43pt x 289.08pt>
File: ./Population_study_data/Simplexes/Pizzas.pdf Graphic file (type pdf)

<use ./Population_study_data/Simplexes/Pizzas.pdf>
Package pdftex.def Info: ./Population_study_data/Simplexes/Pizzas.pdf used on i
nput line 137.
(pdftex.def)             Requested size: 426.79134pt x 189.69063pt.
 [7 <./Population_study_design/screenshot_Pizzas.png> <./Population_study_data/
Simplexes/Pizzas.pdf>]
(./Domain_tex/juices.tex)
<Population_study_design/screenshot_Juices.png, id=244, 957.5775pt x 252.945pt>
File: Population_study_design/screenshot_Juices.png Graphic file (type png)
<use Population_study_design/screenshot_Juices.png>
Package pdftex.def Info: Population_study_design/screenshot_Juices.png used on 
input line 148.
(pdftex.def)             Requested size: 426.79134pt x 112.73578pt.

<./Population_study_data/Simplexes/Juices.pdf, id=245, 650.43pt x 289.08pt>
File: ./Population_study_data/Simplexes/Juices.pdf Graphic file (type pdf)

<use ./Population_study_data/Simplexes/Juices.pdf>
Package pdftex.def Info: ./Population_study_data/Simplexes/Juices.pdf used on i
nput line 152.
(pdftex.def)             Requested size: 426.79134pt x 189.69063pt.
 [8 <./Population_study_design/screenshot_Juices.png> <./Population_study_data/
Simplexes/Juices.pdf>]
(./Domain_tex/colours.tex)
<Population_study_design/screenshot_Colours.png, id=259, 957.5775pt x 253.94875
pt>
File: Population_study_design/screenshot_Colours.png Graphic file (type png)
 <use Population_study_design/screenshot_Colours.png>
Package pdftex.def Info: Population_study_design/screenshot_Colours.png used on
 input line 163.
(pdftex.def)             Requested size: 426.79134pt x 113.18314pt.

<./Population_study_data/Simplexes/Colours.pdf, id=260, 650.43pt x 289.08pt>
File: ./Population_study_data/Simplexes/Colours.pdf Graphic file (type pdf)

<use ./Population_study_data/Simplexes/Colours.pdf>
Package pdftex.def Info: ./Population_study_data/Simplexes/Colours.pdf used on 
input line 167.
(pdftex.def)             Requested size: 426.79134pt x 189.69063pt.
 [9 <./Population_study_design/screenshot_Colours.png> <./Population_study_data
/Simplexes/Colours.pdf>]
(./Domain_tex/colour_pairs.tex)
<Population_study_design/screenshot_Colour_Pairs.png, id=274, 957.5775pt x 327.
2225pt>
File: Population_study_design/screenshot_Colour_Pairs.png Graphic file (type pn
g)
 <use Population_study_design/screenshot_Colour_Pairs.png>
Package pdftex.def Info: Population_study_design/screenshot_Colour_Pairs.png us
ed on input line 178.
(pdftex.def)             Requested size: 426.79134pt x 145.84073pt.

<./Population_study_data/Simplexes/Colour_Pairs.pdf, id=275, 650.43pt x 289.08p
t>
File: ./Population_study_data/Simplexes/Colour_Pairs.pdf Graphic file (type pdf
)
 <use ./Population_study_data/Simplexes/Colour_Pairs.pdf>
Package pdftex.def Info: ./Population_study_data/Simplexes/Colour_Pairs.pdf use
d on input line 182.
(pdftex.def)             Requested size: 426.79134pt x 189.69063pt.
 [10 <./Population_study_design/screenshot_Colour_Pairs.png> <./Population_stud
y_data/Simplexes/Colour_Pairs.pdf>] (./Domain_tex/events.tex)
<Population_study_design/screenshot_Events.png, id=289, 957.5775pt x 303.1325pt
>
File: Population_study_design/screenshot_Events.png Graphic file (type png)
 <use Population_study_design/screenshot_Events.png>
Package pdftex.def Info: Population_study_design/screenshot_Events.png used on 
input line 193.
(pdftex.def)             Requested size: 426.79134pt x 135.10399pt.

<./Population_study_data/Simplexes/Events.pdf, id=290, 650.43pt x 289.08pt>
File: ./Population_study_data/Simplexes/Events.pdf Graphic file (type pdf)

<use ./Population_study_data/Simplexes/Events.pdf>
Package pdftex.def Info: ./Population_study_data/Simplexes/Events.pdf used on i
nput line 197.
(pdftex.def)             Requested size: 426.79134pt x 189.69063pt.
 [11 <./Population_study_design/screenshot_Events.png> <./Population_study_data
/Simplexes/Events.pdf>]
(./Domain_tex/radio.tex
Overfull \hbox (15.17853pt too wide) in paragraph at lines 5--6
[]\OT1/cmr/m/n/10.95 https://byrnesmedia.com/2015/10/05/the-6-best-performing-r
adio-formats-in-canada/ 
 []


Overfull \hbox (11.37645pt too wide) in paragraph at lines 9--10
[]\OT1/cmr/m/n/10.95 http://www.newsgeneration.com/broadcast-resources/guide-to
-radio-station-formats/ 
 []

)
<Population_study_design/screenshot_Radio_Formats.png, id=304, 957.5775pt x 252
.945pt>
File: Population_study_design/screenshot_Radio_Formats.png Graphic file (type p
ng)
 <use Population_study_design/screenshot_Radio_Formats.png>
Package pdftex.def Info: Population_study_design/screenshot_Radio_Formats.png u
sed on input line 208.
(pdftex.def)             Requested size: 426.79134pt x 112.73578pt.

<./Population_study_data/Simplexes/Radio_formats.pdf, id=305, 650.43pt x 289.08
pt>
File: ./Population_study_data/Simplexes/Radio_formats.pdf Graphic file (type pd
f)
 <use ./Population_study_data/Simplexes/Radio_formats.pdf>
Package pdftex.def Info: ./Population_study_data/Simplexes/Radio_formats.pdf us
ed on input line 212.
(pdftex.def)             Requested size: 426.79134pt x 189.69063pt.
 [12 <./Population_study_design/screenshot_Radio_Formats.png> <./Population_stu
dy_data/Simplexes/Radio_formats.pdf>] (./Domain_tex/music.tex)
<Population_study_design/screenshot_Musical_Artists.png, id=319, 956.57375pt x 
252.945pt>
File: Population_study_design/screenshot_Musical_Artists.png Graphic file (type
 png)
 <use Population_study_design/screenshot_Musical_Artists.png>
Package pdftex.def Info: Population_study_design/screenshot_Musical_Artists.png
 used on input line 223.
(pdftex.def)             Requested size: 426.79134pt x 112.85542pt.

<./Population_study_data/Simplexes/Musical_artists.pdf, id=320, 650.43pt x 289.
08pt>
File: ./Population_study_data/Simplexes/Musical_artists.pdf Graphic file (type 
pdf)
 <use ./Population_study_data/Simplexes/Musical_artists.pdf>
Package pdftex.def Info: ./Population_study_data/Simplexes/Musical_artists.pdf 
used on input line 227.
(pdftex.def)             Requested size: 426.79134pt x 189.69063pt.
 [13 <./Population_study_design/screenshot_Musical_Artists.png> <./Population_s
tudy_data/Simplexes/Musical_artists.pdf>] (./Domain_tex/aboriginal_art.tex
<Population_study_design/Aboriginal_art1.jpg, id=335, 277.035pt x 183.68625pt>
File: Population_study_design/Aboriginal_art1.jpg Graphic file (type jpg)

<use Population_study_design/Aboriginal_art1.jpg>
Package pdftex.def Info: Population_study_design/Aboriginal_art1.jpg used on in
put line 6.
(pdftex.def)             Requested size: 85.35826pt x 56.59459pt.

<Population_study_design/Aboriginal_art2.jpg, id=336, 256.96pt x 197.73875pt>
File: Population_study_design/Aboriginal_art2.jpg Graphic file (type jpg)

<use Population_study_design/Aboriginal_art2.jpg>
Package pdftex.def Info: Population_study_design/Aboriginal_art2.jpg used on in
put line 7.
(pdftex.def)             Requested size: 85.35826pt x 65.68546pt.

<Population_study_design/Aboriginal_art3.jpg, id=337, 259.97125pt x 194.7275pt>
File: Population_study_design/Aboriginal_art3.jpg Graphic file (type jpg)
<use Population_study_design/Aboriginal_art3.jpg>
Package pdftex.def Info: Population_study_design/Aboriginal_art3.jpg used on in
put line 8.
(pdftex.def)             Requested size: 85.35826pt x 63.93639pt.

<Population_study_design/Aboriginal_art4.jpg, id=338, 271.0125pt x 187.70125pt>
File: Population_study_design/Aboriginal_art4.jpg Graphic file (type jpg)
<use Population_study_design/Aboriginal_art4.jpg>
Package pdftex.def Info: Population_study_design/Aboriginal_art4.jpg used on in
put line 9.
(pdftex.def)             Requested size: 85.35826pt x 59.11761pt.

<Population_study_design/Aboriginal_art5.jpg, id=339, 270.00874pt x 187.70125pt
>
File: Population_study_design/Aboriginal_art5.jpg Graphic file (type jpg)
 <use Population_study_design/Aboriginal_art5.jpg>
Package pdftex.def Info: Population_study_design/Aboriginal_art5.jpg used on in
put line 10.
(pdftex.def)             Requested size: 85.35826pt x 59.33813pt.
)
<Population_study_design/screenshot_Aboriginal_Art.png, id=340, 1038.88126pt x 
339.2675pt>
File: Population_study_design/screenshot_Aboriginal_Art.png Graphic file (type 
png)
 <use Population_study_design/screenshot_Aboriginal_Art.png>
Package pdftex.def Info: Population_study_design/screenshot_Aboriginal_Art.png 
used on input line 238.
(pdftex.def)             Requested size: 426.79134pt x 139.37494pt.

<./Population_study_data/Simplexes/Aboriginal_art.pdf, id=341, 650.43pt x 289.0
8pt>
File: ./Population_study_data/Simplexes/Aboriginal_art.pdf Graphic file (type p
df)
 <use ./Population_study_data/Simplexes/Aboriginal_art.pdf>
Package pdftex.def Info: ./Population_study_data/Simplexes/Aboriginal_art.pdf u
sed on input line 242.
(pdftex.def)             Requested size: 426.79134pt x 189.69063pt.
 [14 <./Population_study_design/Aboriginal_art1.jpg> <./Population_study_design
/Aboriginal_art2.jpg> <./Population_study_design/Aboriginal_art3.jpg> <./Popula
tion_study_design/Aboriginal_art4.jpg> <./Population_study_design/Aboriginal_ar
t5.jpg> <./Population_study_design/screenshot_Aboriginal_Art.png> <./Population
_study_data/Simplexes/Aboriginal_art.pdf>] (./Domain_tex/impressionist_art.tex
<Population_study_design/Impressionist_art1.jpg, id=356, 259.97125pt x 194.7275
pt>
File: Population_study_design/Impressionist_art1.jpg Graphic file (type jpg)
 <use Population_study_design/Impressionist_art1.jpg>
Package pdftex.def Info: Population_study_design/Impressionist_art1.jpg used on
 input line 6.
(pdftex.def)             Requested size: 85.35826pt x 63.93639pt.

<Population_study_design/Impressionist_art2.jpg, id=357, 277.035pt x 183.68625p
t>
File: Population_study_design/Impressionist_art2.jpg Graphic file (type jpg)
 <use Population_study_design/Impressionist_art2.jpg>
Package pdftex.def Info: Population_study_design/Impressionist_art2.jpg used on
 input line 7.
(pdftex.def)             Requested size: 85.35826pt x 56.59459pt.

<Population_study_design/Impressionist_art3.jpg, id=358, 262.9825pt x 192.72pt>
File: Population_study_design/Impressionist_art3.jpg Graphic file (type jpg)
<use Population_study_design/Impressionist_art3.jpg>
Package pdftex.def Info: Population_study_design/Impressionist_art3.jpg used on
 input line 8.
(pdftex.def)             Requested size: 85.35826pt x 62.55385pt.

<Population_study_design/Impressionist_art4.jpg, id=359, 256.96pt x 197.73875pt
>
File: Population_study_design/Impressionist_art4.jpg Graphic file (type jpg)
 <use Population_study_design/Impressionist_art4.jpg>
Package pdftex.def Info: Population_study_design/Impressionist_art4.jpg used on
 input line 9.
(pdftex.def)             Requested size: 85.35826pt x 65.68546pt.

<Population_study_design/Impressionist_art5.jpg, id=360, 259.97125pt x 194.7275
pt>
File: Population_study_design/Impressionist_art5.jpg Graphic file (type jpg)
 <use Population_study_design/Impressionist_art5.jpg>
Package pdftex.def Info: Population_study_design/Impressionist_art5.jpg used on
 input line 10.
(pdftex.def)             Requested size: 85.35826pt x 63.93639pt.
)
<Population_study_design/screenshot_Impressionist_Art.png, id=361, 1040.88875pt
 x 341.275pt>
File: Population_study_design/screenshot_Impressionist_Art.png Graphic file (ty
pe png)
 <use Population_study_design/screenshot_Impressionist_Art.png>
Package pdftex.def Info: Population_study_design/screenshot_Impressionist_Art.p
ng used on input line 253.
(pdftex.def)             Requested size: 426.79134pt x 139.92885pt.

<./Population_study_data/Simplexes/Impressionist_art.pdf, id=362, 650.43pt x 28
9.08pt>
File: ./Population_study_data/Simplexes/Impressionist_art.pdf Graphic file (typ
e pdf)
 <use ./Population_study_data/Simplexes/Impressionist_art.pdf>
Package pdftex.def Info: ./Population_study_data/Simplexes/Impressionist_art.pd
f used on input line 257.
(pdftex.def)             Requested size: 426.79134pt x 189.69063pt.
 [15 <./Population_study_design/Impressionist_art1.jpg> <./Population_study_des
ign/Impressionist_art2.jpg> <./Population_study_design/Impressionist_art3.jpg> 
<./Population_study_design/Impressionist_art4.jpg> <./Population_study_design/I
mpressionist_art5.jpg> <./Population_study_design/screenshot_Impressionist_Art.
png> <./Population_study_data/Simplexes/Impressionist_art.pdf>]
(./Domain_tex/sentences.tex)
<Population_study_design/screenshot_Sentences.png, id=376, 956.57375pt x 300.12
125pt>
File: Population_study_design/screenshot_Sentences.png Graphic file (type png)
 <use Population_study_design/screenshot_Sentences.png>
Package pdftex.def Info: Population_study_design/screenshot_Sentences.png used 
on input line 268.
(pdftex.def)             Requested size: 426.79134pt x 133.90385pt.

<./Population_study_data/Simplexes/Sentences.pdf, id=377, 650.43pt x 289.08pt>
File: ./Population_study_data/Simplexes/Sentences.pdf Graphic file (type pdf)

<use ./Population_study_data/Simplexes/Sentences.pdf>
Package pdftex.def Info: ./Population_study_data/Simplexes/Sentences.pdf used o
n input line 272.
(pdftex.def)             Requested size: 426.79134pt x 189.69063pt.
 [16 <./Population_study_design/screenshot_Sentences.png> <./Population_study_d
ata/Simplexes/Sentences.pdf>] (./Domain_tex/travel.tex
<Population_study_design/Travel1.jpg, id=391, 552.0625pt x 406.51875pt>
File: Population_study_design/Travel1.jpg Graphic file (type jpg)

<use Population_study_design/Travel1.jpg>
Package pdftex.def Info: Population_study_design/Travel1.jpg used on input line
 13.
(pdftex.def)             Requested size: 108.18666pt x 79.6678pt.

<Population_study_design/Travel2.jpg, id=392, 451.6875pt x 451.6875pt>
File: Population_study_design/Travel2.jpg Graphic file (type jpg)

<use Population_study_design/Travel2.jpg>
Package pdftex.def Info: Population_study_design/Travel2.jpg used on input line
 16.
(pdftex.def)             Requested size: 79.66678pt x 79.6678pt.

<Population_study_design/Travel3.jpg, id=393, 552.0625pt x 367.3725pt>
File: Population_study_design/Travel3.jpg Graphic file (type jpg)

<use Population_study_design/Travel3.jpg>
Package pdftex.def Info: Population_study_design/Travel3.jpg used on input line
 19.
(pdftex.def)             Requested size: 119.71881pt x 79.6678pt.

<Population_study_design/Travel4.jpg, id=394, 1027.84pt x 541.02126pt>
File: Population_study_design/Travel4.jpg Graphic file (type jpg)

<use Population_study_design/Travel4.jpg>
Package pdftex.def Info: Population_study_design/Travel4.jpg used on input line
 22.
(pdftex.def)             Requested size: 151.3463pt x 79.6678pt.

<Population_study_design/Travel5.jpg, id=395, 470.75874pt x 451.6875pt>
File: Population_study_design/Travel5.jpg Graphic file (type jpg)

<use Population_study_design/Travel5.jpg>
Package pdftex.def Info: Population_study_design/Travel5.jpg used on input line
 25.
(pdftex.def)             Requested size: 83.0305pt x 79.6678pt.
)
<Population_study_design/screenshot_Travel.png, id=396, 1039.885pt x 355.3275pt
>
File: Population_study_design/screenshot_Travel.png Graphic file (type png)
 <use Population_study_design/screenshot_Travel.png>
Package pdftex.def Info: Population_study_design/screenshot_Travel.png used on 
input line 283.
(pdftex.def)             Requested size: 426.79134pt x 145.83159pt.
 [17 <./Population_study_design/Travel1.jpg> <./Population_study_design/Travel2
.jpg> <./Population_study_design/Travel3.jpg> <./Population_study_design/Travel
4.jpg> <./Population_study_design/Travel5.jpg>]
<./Population_study_data/Simplexes/Travel.pdf, id=406, 650.43pt x 289.08pt>
File: ./Population_study_data/Simplexes/Travel.pdf Graphic file (type pdf)

<use ./Population_study_data/Simplexes/Travel.pdf>
Package pdftex.def Info: ./Population_study_data/Simplexes/Travel.pdf used on i
nput line 287.
(pdftex.def)             Requested size: 426.79134pt x 189.69063pt.
 [18 <./Population_study_design/screenshot_Travel.png> <./Population_study_data
/Simplexes/Travel.pdf>]
(./Domain_tex/marijuana.tex)
<Population_study_design/screenshot_Marijuana.png, id=420, 958.58125pt x 279.04
25pt>
File: Population_study_design/screenshot_Marijuana.png Graphic file (type png)
 <use Population_study_design/screenshot_Marijuana.png>
Package pdftex.def Info: Population_study_design/screenshot_Marijuana.png used 
on input line 298.
(pdftex.def)             Requested size: 426.79134pt x 124.2395pt.

<./Population_study_data/Simplexes/Marijuana.pdf, id=421, 650.43pt x 289.08pt>
File: ./Population_study_data/Simplexes/Marijuana.pdf Graphic file (type pdf)

<use ./Population_study_data/Simplexes/Marijuana.pdf>
Package pdftex.def Info: ./Population_study_data/Simplexes/Marijuana.pdf used o
n input line 302.
(pdftex.def)             Requested size: 426.79134pt x 189.69063pt.
 [19 <./Population_study_design/screenshot_Marijuana.png> <./Population_study_d
ata/Simplexes/Marijuana.pdf>] (./Domain_tex/latitude.tex)
<Population_study_design/screenshot_Latitude.png, id=436, 955.57pt x 252.945pt>
File: Population_study_design/screenshot_Latitude.png Graphic file (type png)
<use Population_study_design/screenshot_Latitude.png>
Package pdftex.def Info: Population_study_design/screenshot_Latitude.png used o
n input line 313.
(pdftex.def)             Requested size: 426.79134pt x 112.97122pt.

<./Population_study_data/Simplexes/Latitude.pdf, id=437, 650.43pt x 289.08pt>
File: ./Population_study_data/Simplexes/Latitude.pdf Graphic file (type pdf)

<use ./Population_study_data/Simplexes/Latitude.pdf>
Package pdftex.def Info: ./Population_study_data/Simplexes/Latitude.pdf used on
 input line 317.
(pdftex.def)             Requested size: 426.79134pt x 189.69063pt.
 [20 <./Population_study_design/screenshot_Latitude.png> <./Population_study_da
ta/Simplexes/Latitude.pdf>] (./Domain_tex/dots.tex
<Population_study_design/Scatterplots1.pdf, id=451, 433.62pt x 433.62pt>
File: Population_study_design/Scatterplots1.pdf Graphic file (type pdf)

<use Population_study_design/Scatterplots1.pdf>
Package pdftex.def Info: Population_study_design/Scatterplots1.pdf used on inpu
t line 11.
(pdftex.def)             Requested size: 85.35284pt x 85.35826pt.

<Population_study_design/Scatterplots2.pdf, id=452, 433.62pt x 433.62pt>
File: Population_study_design/Scatterplots2.pdf Graphic file (type pdf)

<use Population_study_design/Scatterplots2.pdf>
Package pdftex.def Info: Population_study_design/Scatterplots2.pdf used on inpu
t line 12.
(pdftex.def)             Requested size: 85.35284pt x 85.35826pt.

<Population_study_design/Scatterplots3.pdf, id=453, 433.62pt x 433.62pt>
File: Population_study_design/Scatterplots3.pdf Graphic file (type pdf)

<use Population_study_design/Scatterplots3.pdf>
Package pdftex.def Info: Population_study_design/Scatterplots3.pdf used on inpu
t line 13.
(pdftex.def)             Requested size: 85.35284pt x 85.35826pt.

<Population_study_design/Scatterplots4.pdf, id=454, 433.62pt x 433.62pt>
File: Population_study_design/Scatterplots4.pdf Graphic file (type pdf)

<use Population_study_design/Scatterplots4.pdf>
Package pdftex.def Info: Population_study_design/Scatterplots4.pdf used on inpu
t line 14.
(pdftex.def)             Requested size: 85.35284pt x 85.35826pt.

<Population_study_design/Scatterplots5.pdf, id=455, 433.62pt x 433.62pt>
File: Population_study_design/Scatterplots5.pdf Graphic file (type pdf)

<use Population_study_design/Scatterplots5.pdf>
Package pdftex.def Info: Population_study_design/Scatterplots5.pdf used on inpu
t line 15.
(pdftex.def)             Requested size: 85.35284pt x 85.35826pt.
)
<Population_study_design/screenshot_Dots.png, id=456, 1039.885pt x 356.33125pt>
File: Population_study_design/screenshot_Dots.png Graphic file (type png)
<use Population_study_design/screenshot_Dots.png>
Package pdftex.def Info: Population_study_design/screenshot_Dots.png used on in
put line 328.
(pdftex.def)             Requested size: 426.79134pt x 146.24355pt.

<./Population_study_data/Simplexes/Dots.pdf, id=457, 650.43pt x 289.08pt>
File: ./Population_study_data/Simplexes/Dots.pdf Graphic file (type pdf)

<use ./Population_study_data/Simplexes/Dots.pdf>
Package pdftex.def Info: ./Population_study_data/Simplexes/Dots.pdf used on inp
ut line 332.
(pdftex.def)             Requested size: 426.79134pt x 189.69063pt.
 [21 <./Population_study_design/Scatterplots1.pdf> <./Population_study_design/S
catterplots2.pdf> <./Population_study_design/Scatterplots3.pdf> <./Population_s
tudy_design/Scatterplots4.pdf> <./Population_study_design/Scatterplots5.pdf> <.
/Population_study_design/screenshot_Dots.png> <./Population_study_data/Simplexe
s/Dots.pdf>]
(./Domain_tex/triangles.tex
<Population_study_design/Triangles3.pdf, id=502, 433.62pt x 433.62pt>
File: Population_study_design/Triangles3.pdf Graphic file (type pdf)

<use Population_study_design/Triangles3.pdf>
Package pdftex.def Info: Population_study_design/Triangles3.pdf used on input l
ine 9.
(pdftex.def)             Requested size: 85.35284pt x 85.35826pt.

<Population_study_design/Triangles1.pdf, id=503, 433.62pt x 433.62pt>
File: Population_study_design/Triangles1.pdf Graphic file (type pdf)

<use Population_study_design/Triangles1.pdf>
Package pdftex.def Info: Population_study_design/Triangles1.pdf used on input l
ine 10.
(pdftex.def)             Requested size: 85.35284pt x 85.35826pt.

<Population_study_design/Triangles2.pdf, id=504, 433.62pt x 433.62pt>
File: Population_study_design/Triangles2.pdf Graphic file (type pdf)

<use Population_study_design/Triangles2.pdf>
Package pdftex.def Info: Population_study_design/Triangles2.pdf used on input l
ine 11.
(pdftex.def)             Requested size: 85.35284pt x 85.35826pt.

<Population_study_design/Triangles4.pdf, id=505, 433.62pt x 433.62pt>
File: Population_study_design/Triangles4.pdf Graphic file (type pdf)

<use Population_study_design/Triangles4.pdf>
Package pdftex.def Info: Population_study_design/Triangles4.pdf used on input l
ine 12.
(pdftex.def)             Requested size: 85.35284pt x 85.35826pt.

<Population_study_design/Triangles5.pdf, id=506, 433.62pt x 433.62pt>
File: Population_study_design/Triangles5.pdf Graphic file (type pdf)

<use Population_study_design/Triangles5.pdf>
Package pdftex.def Info: Population_study_design/Triangles5.pdf used on input l
ine 13.
(pdftex.def)             Requested size: 85.35284pt x 85.35826pt.
)
<Population_study_design/screenshot_Triangles.png, id=507, 1037.8775pt x 356.33
125pt>
File: Population_study_design/screenshot_Triangles.png Graphic file (type png)
 <use Population_study_design/screenshot_Triangles.png>
Package pdftex.def Info: Population_study_design/screenshot_Triangles.png used 
on input line 343.
(pdftex.def)             Requested size: 426.79134pt x 146.53172pt.

<./Population_study_data/Simplexes/Triangles.pdf, id=508, 650.43pt x 289.08pt>
File: ./Population_study_data/Simplexes/Triangles.pdf Graphic file (type pdf)

<use ./Population_study_data/Simplexes/Triangles.pdf>
Package pdftex.def Info: ./Population_study_data/Simplexes/Triangles.pdf used o
n input line 347.
(pdftex.def)             Requested size: 426.79134pt x 189.69063pt.
 [22 <./Population_study_design/Triangles3.pdf> <./Population_study_design/Tria
ngles1.pdf> <./Population_study_design/Triangles2.pdf> <./Population_study_desi
gn/Triangles4.pdf> <./Population_study_design/Triangles5.pdf> <./Population_stu
dy_design/screenshot_Triangles.png> <./Population_study_data/Simplexes/Triangle
s.pdf>]
(./Domain_tex/population.tex)
<Population_study_design/screenshot_Population.png, id=547, 958.58125pt x 307.1
475pt>
File: Population_study_design/screenshot_Population.png Graphic file (type png)

 <use Population_study_design/screenshot_Population.png>
Package pdftex.def Info: Population_study_design/screenshot_Population.png used
 on input line 358.
(pdftex.def)             Requested size: 426.79134pt x 136.75284pt.

<./Population_study_data/Simplexes/Population.pdf, id=548, 650.43pt x 289.08pt>
File: ./Population_study_data/Simplexes/Population.pdf Graphic file (type pdf)
<use ./Population_study_data/Simplexes/Population.pdf>
Package pdftex.def Info: ./Population_study_data/Simplexes/Population.pdf used 
on input line 362.
(pdftex.def)             Requested size: 426.79134pt x 189.69063pt.
 [23 <./Population_study_design/screenshot_Population.png> <./Population_study_
data/Simplexes/Population.pdf>] (./Domain_tex/area.tex)
<Population_study_design/screenshot_Surface_Area.png, id=562, 957.5775pt x 277.
035pt>
File: Population_study_design/screenshot_Surface_Area.png Graphic file (type pn
g)
 <use Population_study_design/screenshot_Surface_Area.png>
Package pdftex.def Info: Population_study_design/screenshot_Surface_Area.png us
ed on input line 373.
(pdftex.def)             Requested size: 426.79134pt x 123.47252pt.

<./Population_study_data/Simplexes/Surface_area.pdf, id=563, 650.43pt x 289.08p
t>
File: ./Population_study_data/Simplexes/Surface_area.pdf Graphic file (type pdf
)
 <use ./Population_study_data/Simplexes/Surface_area.pdf>
Package pdftex.def Info: ./Population_study_data/Simplexes/Surface_area.pdf use
d on input line 377.
(pdftex.def)             Requested size: 426.79134pt x 189.69063pt.
 [24 <./Population_study_design/screenshot_Surface_Area.png> <./Population_stud
y_data/Simplexes/Surface_area.pdf>] (./Domain_tex/beer.tex

LaTeX Warning: Reference `f:CE' on page 25 undefined on input line 5.


LaTeX Warning: Reference `t:CE' on page 25 undefined on input line 6.

)
<Population_study_design/screenshot_Beer.png, id=577, 955.57pt x 354.32375pt>
File: Population_study_design/screenshot_Beer.png Graphic file (type png)

<use Population_study_design/screenshot_Beer.png>
Package pdftex.def Info: Population_study_design/screenshot_Beer.png used on in
put line 388.
(pdftex.def)             Requested size: 426.79134pt x 158.24936pt.

<./Population_study_data/Simplexes/Beer.pdf, id=578, 650.43pt x 289.08pt>
File: ./Population_study_data/Simplexes/Beer.pdf Graphic file (type pdf)

<use ./Population_study_data/Simplexes/Beer.pdf>
Package pdftex.def Info: ./Population_study_data/Simplexes/Beer.pdf used on inp
ut line 392.
(pdftex.def)             Requested size: 426.79134pt x 189.69063pt.
 [25 <./Population_study_design/screenshot_Beer.png>] [26 <./Population_study_d
ata/Simplexes/Beer.pdf>]
(./Domain_tex/cars.tex

LaTeX Warning: Reference `f:CE' on page 27 undefined on input line 7.


LaTeX Warning: Reference `f:CE' on page 27 undefined on input line 8.

)
<Population_study_design/screenshot_Cars.png, id=597, 957.5775pt x 338.26375pt>
File: Population_study_design/screenshot_Cars.png Graphic file (type png)
<use Population_study_design/screenshot_Cars.png>
Package pdftex.def Info: Population_study_design/screenshot_Cars.png used on in
put line 403.
(pdftex.def)             Requested size: 426.79134pt x 150.76173pt.

<./Population_study_data/Simplexes/Cars.pdf, id=598, 650.43pt x 289.08pt>
File: ./Population_study_data/Simplexes/Cars.pdf Graphic file (type pdf)

<use ./Population_study_data/Simplexes/Cars.pdf>
Package pdftex.def Info: ./Population_study_data/Simplexes/Cars.pdf used on inp
ut line 407.
(pdftex.def)             Requested size: 426.79134pt x 189.69063pt.
 [27 <./Population_study_design/screenshot_Cars.png> <./Population_study_data/S
implexes/Cars.pdf>]
(./Domain_tex/restaurants.tex

LaTeX Warning: Reference `f:CE' on page 28 undefined on input line 4.


LaTeX Warning: Reference `t:CE' on page 28 undefined on input line 5.

)
<Population_study_design/screenshot_Restaurants.png, id=612, 956.57375pt x 279.
0425pt>
File: Population_study_design/screenshot_Restaurants.png Graphic file (type png
)
 <use Population_study_design/screenshot_Restaurants.png>
Package pdftex.def Info: Population_study_design/screenshot_Restaurants.png use
d on input line 418.
(pdftex.def)             Requested size: 426.79134pt x 124.49924pt.

<./Population_study_data/Simplexes/Restaurants.pdf, id=613, 650.43pt x 289.08pt
>
File: ./Population_study_data/Simplexes/Restaurants.pdf Graphic file (type pdf)

 <use ./Population_study_data/Simplexes/Restaurants.pdf>
Package pdftex.def Info: ./Population_study_data/Simplexes/Restaurants.pdf used
 on input line 422.
(pdftex.def)             Requested size: 426.79134pt x 189.69063pt.
 [28 <./Population_study_design/screenshot_Restaurants.png> <./Population_study
_data/Simplexes/Restaurants.pdf>] (./Domain_tex/layovers.tex

LaTeX Warning: Reference `f:CE' on page 29 undefined on input line 3.


LaTeX Warning: Reference `t:CE' on page 29 undefined on input line 4.

)
<Population_study_design/screenshot_Flight_Layovers.png, id=627, 955.57pt x 263
.98625pt>
File: Population_study_design/screenshot_Flight_Layovers.png Graphic file (type
 png)
 <use Population_study_design/screenshot_Flight_Layovers.png>
Package pdftex.def Info: Population_study_design/screenshot_Flight_Layovers.png
 used on input line 433.
(pdftex.def)             Requested size: 426.79134pt x 117.9025pt.

<./Population_study_data/Simplexes/Flight_layovers.pdf, id=628, 650.43pt x 289.
08pt>
File: ./Population_study_data/Simplexes/Flight_layovers.pdf Graphic file (type 
pdf)
 <use ./Population_study_data/Simplexes/Flight_layovers.pdf>
Package pdftex.def Info: ./Population_study_data/Simplexes/Flight_layovers.pdf 
used on input line 437.
(pdftex.def)             Requested size: 426.79134pt x 189.69063pt.
 [29 <./Population_study_design/screenshot_Flight_Layovers.png> <./Population_s
tudy_data/Simplexes/Flight_layovers.pdf>] (./Domain_tex/delayed_choice.tex)
<Population_study_design/screenshot_Future_Payments.png, id=643, 957.5775pt x 3
03.1325pt>
File: Population_study_design/screenshot_Future_Payments.png Graphic file (type
 png)
 <use Population_study_design/screenshot_Future_Payments.png>
Package pdftex.def Info: Population_study_design/screenshot_Future_Payments.png
 used on input line 448.
(pdftex.def)             Requested size: 426.79134pt x 135.10399pt.

<./Population_study_data/Simplexes/Future_payments.pdf, id=644, 650.43pt x 289.
08pt>
File: ./Population_study_data/Simplexes/Future_payments.pdf Graphic file (type 
pdf)
 <use ./Population_study_data/Simplexes/Future_payments.pdf>
Package pdftex.def Info: ./Population_study_data/Simplexes/Future_payments.pdf 
used on input line 452.
(pdftex.def)             Requested size: 426.79134pt x 189.69063pt.
 [30 <./Population_study_design/screenshot_Future_Payments.png> <./Population_s
tudy_data/Simplexes/Future_payments.pdf>] (./Domain_tex/phone_plans.tex)
<Population_study_design/screenshot_Phone_Plans.png, id=658, 956.57375pt x 292.
09125pt>
File: Population_study_design/screenshot_Phone_Plans.png Graphic file (type png
)
 <use Population_study_design/screenshot_Phone_Plans.png>
Package pdftex.def Info: Population_study_design/screenshot_Phone_Plans.png use
d on input line 463.
(pdftex.def)             Requested size: 426.79134pt x 130.32114pt.

<./Population_study_data/Simplexes/Phone_plans.pdf, id=659, 650.43pt x 289.08pt
>
File: ./Population_study_data/Simplexes/Phone_plans.pdf Graphic file (type pdf)

 <use ./Population_study_data/Simplexes/Phone_plans.pdf>
Package pdftex.def Info: ./Population_study_data/Simplexes/Phone_plans.pdf used
 on input line 467.
(pdftex.def)             Requested size: 426.79134pt x 189.69063pt.
 [31 <./Population_study_design/screenshot_Phone_Plans.png> <./Population_study
_data/Simplexes/Phone_plans.pdf>] (./Domain_tex/hotel_rooms.tex)
<Population_study_design/screenshot_Hotel_Rooms.png, id=674, 956.57375pt x 266.
9975pt>
File: Population_study_design/screenshot_Hotel_Rooms.png Graphic file (type png
)
 <use Population_study_design/screenshot_Hotel_Rooms.png>
Package pdftex.def Info: Population_study_design/screenshot_Hotel_Rooms.png use
d on input line 478.
(pdftex.def)             Requested size: 426.79134pt x 119.12517pt.

<./Population_study_data/Simplexes/Hotel_rooms.pdf, id=675, 650.43pt x 289.08pt
>
File: ./Population_study_data/Simplexes/Hotel_rooms.pdf Graphic file (type pdf)

 <use ./Population_study_data/Simplexes/Hotel_rooms.pdf>
Package pdftex.def Info: ./Population_study_data/Simplexes/Hotel_rooms.pdf used
 on input line 482.
(pdftex.def)             Requested size: 426.79134pt x 189.69063pt.
 [32 <./Population_study_design/screenshot_Hotel_Rooms.png> <./Population_study
_data/Simplexes/Hotel_rooms.pdf>] (./Domain_tex/itinararies.tex)
<Population_study_design/screenshot_Two-Flight_Itineraries.png, id=689, 955.57p
t x 322.20375pt>
File: Population_study_design/screenshot_Two-Flight_Itineraries.png Graphic fil
e (type png)

<use Population_study_design/screenshot_Two-Flight_Itineraries.png>
Package pdftex.def Info: Population_study_design/screenshot_Two-Flight_Itinerar
ies.png used on input line 495.
(pdftex.def)             Requested size: 426.79134pt x 143.90381pt.

<./Population_study_data/Simplexes/Two-flight_itineraries.pdf, id=690, 650.43pt
 x 289.08pt>
File: ./Population_study_data/Simplexes/Two-flight_itineraries.pdf Graphic file
 (type pdf)

<use ./Population_study_data/Simplexes/Two-flight_itineraries.pdf>
Package pdftex.def Info: ./Population_study_data/Simplexes/Two-flight_itinerari
es.pdf used on input line 499.
(pdftex.def)             Requested size: 426.79134pt x 189.69063pt.
 [33 <./Population_study_design/screenshot_Two-Flight_Itineraries.png> <./Popul
ation_study_data/Simplexes/Two-flight_itineraries.pdf>] (./Domain_tex/televisio
ns.tex)
<Population_study_design/screenshot_Televisions.png, id=704, 958.58125pt x 351.
3125pt>
File: Population_study_design/screenshot_Televisions.png Graphic file (type png
)
 <use Population_study_design/screenshot_Televisions.png>
Package pdftex.def Info: Population_study_design/screenshot_Televisions.png use
d on input line 510.
(pdftex.def)             Requested size: 426.79134pt x 156.41666pt.

<./Population_study_data/Simplexes/Televisions.pdf, id=705, 650.43pt x 289.08pt
>
File: ./Population_study_data/Simplexes/Televisions.pdf Graphic file (type pdf)

 <use ./Population_study_data/Simplexes/Televisions.pdf>
Package pdftex.def Info: ./Population_study_data/Simplexes/Televisions.pdf used
 on input line 514.
(pdftex.def)             Requested size: 426.79134pt x 189.69063pt.
 [34 <./Population_study_design/screenshot_Televisions.png> <./Population_study
_data/Simplexes/Televisions.pdf>] (./Domain_tex/coffee.tex
Overfull \hbox (20.85207pt too wide) in paragraph at lines 9--20
[][] 
 []

)
<Population_study_design/screenshot_Coffee.png, id=719, 957.5775pt x 322.20375p
t>
File: Population_study_design/screenshot_Coffee.png Graphic file (type png)
 <use Population_study_design/screenshot_Coffee.png>
Package pdftex.def Info: Population_study_design/screenshot_Coffee.png used on 
input line 525.
(pdftex.def)             Requested size: 426.79134pt x 143.60391pt.

<./Population_study_data/Simplexes/Coffee.pdf, id=720, 650.43pt x 289.08pt>
File: ./Population_study_data/Simplexes/Coffee.pdf Graphic file (type pdf)

<use ./Population_study_data/Simplexes/Coffee.pdf>
Package pdftex.def Info: ./Population_study_data/Simplexes/Coffee.pdf used on i
nput line 529.
(pdftex.def)             Requested size: 426.79134pt x 189.69063pt.
 [35 <./Population_study_design/screenshot_Coffee.png> <./Population_study_data
/Simplexes/Coffee.pdf>]
(./Domain_tex/charity.tex
Underfull \hbox (badness 10000) in paragraph at lines 15--15
[]\OT1/cmr/m/n/10.95 Arthritis Re-search
 []


Underfull \hbox (badness 4531) in paragraph at lines 17--17
[]\OT1/cmr/m/n/10.95 Canadian Coali-tion
 []


Underfull \hbox (badness 6412) in paragraph at lines 18--19
[]\OT1/cmr/m/n/10.95 Coalition for Gun
 []


Overfull \hbox (7.88148pt too wide) in paragraph at lines 13--27
[][] 
 []

)
<Population_study_design/screenshot_Charity.png, id=734, 956.57375pt x 361.35pt
>
File: Population_study_design/screenshot_Charity.png Graphic file (type png)
 <use Population_study_design/screenshot_Charity.png>
Package pdftex.def Info: Population_study_design/screenshot_Charity.png used on
 input line 540.
(pdftex.def)             Requested size: 426.79134pt x 161.22205pt.

<./Population_study_data/Simplexes/Charity.pdf, id=735, 650.43pt x 289.08pt>
File: ./Population_study_data/Simplexes/Charity.pdf Graphic file (type pdf)

<use ./Population_study_data/Simplexes/Charity.pdf>
Package pdftex.def Info: ./Population_study_data/Simplexes/Charity.pdf used on 
input line 544.
(pdftex.def)             Requested size: 426.79134pt x 189.69063pt.
 [36 <./Population_study_design/screenshot_Charity.png>] [37 <./Population_stud
y_data/Simplexes/Charity.pdf>] (./Population_study_data/feedback.txt
Overfull \hbox (128.73976pt too wide) in paragraph at lines 20--20
[]\OT1/cmtt/m/n/10 Loved the survey.  Would like to know what is the purpose an
d whether it is conclusive or not for the researchers.[] 
 []


Overfull \hbox (2.74086pt too wide) in paragraph at lines 29--29
[]\OT1/cmtt/m/n/10 This was a fun survey, it had a lot of different questions a
nd I found it fun to complete.[] 
 []

[38]
Overfull \hbox (286.23839pt too wide) in paragraph at lines 56--56
[]\OT1/cmtt/m/n/10 The question about household pets did not allow me to choose
 Cats and Other. I could only choose Cats with another option like dog, ferret,
 etc.[] 
 []


Overfull \hbox (81.49017pt too wide) in paragraph at lines 62--62
[]\OT1/cmtt/m/n/10 I found this survey weired but very interesting. Very differ
ent from most survey. I would more like this.[] 
 []


Overfull \hbox (2.74086pt too wide) in paragraph at lines 69--69
[]\OT1/cmtt/m/n/10 I do not understand the purpose of the weird questions but t
hen that is part of the survey[] 
 []


Overfull \hbox (1036.98184pt too wide) in paragraph at lines 85--85
[]\OT1/cmtt/m/n/10 I thought the survey went smoothly it was easy to understand
,  answers were clear,and questions weren't stupid.  The one question about wei
ght, I think another choice should be something like Did certain medications ma
ke you gain weight?  Thank you for letting me put in my two cents in.[] 
 []


Overfull \hbox (291.48834pt too wide) in paragraph at lines 104--104
[]\OT1/cmtt/m/n/10 Well constructed and structured. Use of pictures gave a very
 nice touch. Although it was very random so I'm guessing it's a personality ana
lysis.[] 
 []

[39]
Overfull \hbox (7.99081pt too wide) in paragraph at lines 132--132
[]\OT1/cmtt/m/n/10 This was really interesting and fun to complete! I am curiou
s of the purpose of this study.[] 
 []


Overfull \hbox (81.49017pt too wide) in paragraph at lines 134--134
[]\OT1/cmtt/m/n/10 The question regarding marijuana was especially difficult to
 decide, I was torn between a couple options.[] 
 []


Overfull \hbox (112.9899pt too wide) in paragraph at lines 136--136
[]\OT1/cmtt/m/n/10 This survey was actually entertaining because the questions 
were very random. It definitely kept me on my toes.[] 
 []


Overfull \hbox (23.74068pt too wide) in paragraph at lines 137--137
[]\OT1/cmtt/m/n/10 I tought it was fun to complete.  Questions on a lot of diff
erent subjects.  Very interesting.[] 
 []


Overfull \hbox (496.23656pt too wide) in paragraph at lines 153--153
[]\OT1/cmtt/m/n/10 A very interesting and definitely different type of survey. 
Would have been nice, where appropriate, to provide us with the correct answer 
to certain questions. Enjoyed it very much !![] 
 []


Overfull \hbox (480.4867pt too wide) in paragraph at lines 158--158
[]\OT1/cmtt/m/n/10 Thank you, this was the neatest survey I've taken in a long 
time. I wasn't sure what the survey company is hoping to find. Maybe whether I'
m insane or not :-) but it was fun for me.[] 
 []


Overfull \hbox (212.73903pt too wide) in paragraph at lines 159--159
[]\OT1/cmtt/m/n/10 Great survey, much thought on personal preferences was fun. 
 I hope this survey gives you interesting and useful results.  thanks.[] 
 []

[40]
Overfull \hbox (181.2393pt too wide) in paragraph at lines 172--172
[]\OT1/cmtt/m/n/10 What the heck was that? I do a lot of surveys and they at le
ast have a discernible theme - this was a seemingly random mess.[] 
 []


Overfull \hbox (186.48926pt too wide) in paragraph at lines 177--177
[]\OT1/cmtt/m/n/10 Although I was not sure what this survey is about, I read ea
ch questions carefully and chose the best answers that fitted me.[] 
 []


Overfull \hbox (18.49072pt too wide) in paragraph at lines 185--185
[]\OT1/cmtt/m/n/10 nicely designed questions, but it would be better to provide
 more options per each selection.[] 
 []

Missing character: There is no  in font cmtt10!
Missing character: There is no  in font cmtt10!
Missing character: There is no  in font cmtt10!
Missing character: There is no  in font cmtt10!
Missing character: There is no  in font cmtt10!
Missing character: There is no  in font cmtt10!
Missing character: There is no  in font cmtt10!
Missing character: There is no  in font cmtt10!
Missing character: There is no  in font cmtt10!
Missing character: There is no  in font cmtt10!
Missing character: There is no  in font cmtt10!
Missing character: There is no  in font cmtt10!

Overfull \hbox (443.73701pt too wide) in paragraph at lines 206--206
[]\OT1/cmtt/m/n/10 Ce sondage tait trs intressant parce que m a plong dans ce q
u il y a de personnel. Il m a orient dans mes motions ainsi que sur des connais
sances acquises en milieu scolaire.[] 
 []

[41]
Overfull \hbox (564.48596pt too wide) in paragraph at lines 215--215
[]\OT1/cmtt/m/n/10 This was a very interesting survey, and it was really fun to
 complete, but none of the questions really seem related to each other, and I'd
 be interested to know what the research purpose of it is.[] 
 []


Overfull \hbox (81.49017pt too wide) in paragraph at lines 217--217
[]\OT1/cmtt/m/n/10 there were questions that I did not like any of the options,
 but was made to pick one so I could move on.[] 
 []


Overfull \hbox (144.48962pt too wide) in paragraph at lines 221--221
[]\OT1/cmtt/m/n/10 I have been doing surveys for many years, first time I do on
e like this,  strange a bit the questions but interesting[] 
 []


Overfull \hbox (28.99063pt too wide) in paragraph at lines 223--223
[]\OT1/cmtt/m/n/10 I really liked this survey because I wasn't answering basica
lly the same question over and over[] 
 []


Overfull \hbox (39.49054pt too wide) in paragraph at lines 225--225
[]\OT1/cmtt/m/n/10 I presume the purpose was to see different ways in which peo
ple make choices.  It was interesting[] 
 []


Overfull \hbox (97.24004pt too wide) in paragraph at lines 231--231
[]\OT1/cmtt/m/n/10 Certainly covered a wide range of topics. Would be intereste
d to know how the results are used and for what.[] 
 []


Overfull \hbox (622.23546pt too wide) in paragraph at lines 242--242
[]\OT1/cmtt/m/n/10 This was very interesting and different.   I would like to k
now what the correct answers are for some of the questions such as area size wi
th water included - not opinions but real answers that cannot change.[] 
 []


Overfull \hbox (244.23875pt too wide) in paragraph at lines 252--252
[]\OT1/cmtt/m/n/10 This was a very different survey from the ones I have partic
ipated in the past. I would love to know what you conclude from the answers.[] 

 []


Overfull \hbox (165.48944pt too wide) in paragraph at lines 256--256
[]\OT1/cmtt/m/n/10 Certainly different. It would have been easy enough to do re
search on various aspects of the survey; but I choose not to.[] 
 []


Overfull \hbox (28.99063pt too wide) in paragraph at lines 258--258
[]\OT1/cmtt/m/n/10 Choice of actors: I don't know most of them at all.  You cre
ate a situation of a forced choice.[] 
 []

[42]
Overfull \hbox (821.73372pt too wide) in paragraph at lines 298--298
[]\OT1/cmtt/m/n/10 It might be useful for you to update your movie stars names 
for the question of who you want to have lunch with I didn't recognize either n
ame and so I made a truly random choice in that case and didn't truly like any 
of the choices for the guys.[] 
 []


Overfull \hbox (1267.97983pt too wide) in paragraph at lines 300--300
[]\OT1/cmtt/m/n/10 Having done 100s of surveys over the last two years, this wa
s by far the most bizarre.  The randomness of the questions threw me and I don'
t think my responses were accurate as a result.  I'm not sure if the misspellin
g on Jodie (Jody) Foster's name was deliberate but thought it best to flag just
 in case you wanted to correct it.[] 
 []


Overfull \hbox (39.49054pt too wide) in paragraph at lines 319--319
[]\OT1/cmtt/m/n/10 I think that the triangles were all the same area sizes and 
the dots had almost the same amounts.[] 
 []

[43]
Overfull \hbox (139.23967pt too wide) in paragraph at lines 331--331
[]\OT1/cmtt/m/n/10 you should have have had an NA some of those people I have n
ever heard of an would not travel to any of those places[] 
 []

) (./population_supplement.bbl [44]) [45]
Package atveryend Info: Empty hook `BeforeClearDocument' on input line 560.
Package atveryend Info: Empty hook `AfterLastShipout' on input line 560.
 (./population_supplement.aux)
Package atveryend Info: Executing hook `AtVeryEndDocument' on input line 560.
Package atveryend Info: Executing hook `AtEndAfterFileList' on input line 560.
Package rerunfilecheck Info: File `population_supplement.out' has not changed.
(rerunfilecheck)             Checksum: 5DEB6E146D09F4D37298898654A945C7;2058.


LaTeX Warning: There were undefined references.


LaTeX Warning: Label(s) may have changed. Rerun to get cross-references right.

 ) 
Here is how much of TeX's memory you used:
 17774 strings out of 493089
 334917 string characters out of 6134842
 386416 words of memory out of 5000000
 20572 multiletter control sequences out of 15000+600000
 14699 words of font info for 57 fonts, out of 8000000 for 9000
 1141 hyphenation exceptions out of 8191
 65i,10n,75p,844b,515s stack positions out of 5000i,500n,10000p,200000b,80000s
</usr/local/texlive/2015/texmf-dist/fonts/type1/public/amsfonts/cm/cmbx10.pfb
></usr/local/texlive/2015/texmf-dist/fonts/type1/public/amsfonts/cm/cmbx12.pfb>
</usr/local/texlive/2015/texmf-dist/fonts/type1/public/amsfonts/cm/cmmi10.pfb><
/usr/local/texlive/2015/texmf-dist/fonts/type1/public/amsfonts/cm/cmr10.pfb></u
sr/local/texlive/2015/texmf-dist/fonts/type1/public/amsfonts/cm/cmr12.pfb></usr
/local/texlive/2015/texmf-dist/fonts/type1/public/amsfonts/cm/cmr17.pfb></usr/l
ocal/texlive/2015/texmf-dist/fonts/type1/public/amsfonts/cm/cmr8.pfb></usr/loca
l/texlive/2015/texmf-dist/fonts/type1/public/amsfonts/cm/cmr9.pfb></usr/local/t
exlive/2015/texmf-dist/fonts/type1/public/amsfonts/cm/cmsy10.pfb></usr/local/te
xlive/2015/texmf-dist/fonts/type1/public/amsfonts/cm/cmsy6.pfb></usr/local/texl
ive/2015/texmf-dist/fonts/type1/public/amsfonts/cm/cmsy8.pfb></usr/local/texliv
e/2015/texmf-dist/fonts/type1/public/amsfonts/cm/cmti10.pfb></usr/local/texlive
/2015/texmf-dist/fonts/type1/public/amsfonts/cm/cmtt10.pfb></usr/local/texlive/
2015/texmf-dist/fonts/type1/public/amsfonts/cm/cmtt9.pfb>
Output written on population_supplement.pdf (45 pages, 4526294 bytes).
PDF statistics:
 876 PDF objects out of 1000 (max. 8388607)
 645 compressed objects within 7 object streams
 155 named destinations out of 1000 (max. 500000)
 730 words of extra memory for PDF output out of 10000 (max. 10000000)

