\BOOKMARK [1][-]{section.1}{Domains}{}% 1
\BOOKMARK [2][-]{subsection.1.1}{Female stars}{section.1}% 2
\BOOKMARK [2][-]{subsection.1.2}{Films}{section.1}% 3
\BOOKMARK [2][-]{subsection.1.3}{Star pairs}{section.1}% 4
\BOOKMARK [2][-]{subsection.1.4}{Pizzas}{section.1}% 5
\BOOKMARK [2][-]{subsection.1.5}{Juices}{section.1}% 6
\BOOKMARK [2][-]{subsection.1.6}{Colours}{section.1}% 7
\BOOKMARK [2][-]{subsection.1.7}{Color pairs}{section.1}% 8
\BOOKMARK [2][-]{subsection.1.8}{Events}{section.1}% 9
\BOOKMARK [2][-]{subsection.1.9}{Radio formats}{section.1}% 10
\BOOKMARK [2][-]{subsection.1.10}{Musical artists}{section.1}% 11
\BOOKMARK [2][-]{subsection.1.11}{Aboriginal art}{section.1}% 12
\BOOKMARK [2][-]{subsection.1.12}{Impressionist art}{section.1}% 13
\BOOKMARK [2][-]{subsection.1.13}{Sentences}{section.1}% 14
\BOOKMARK [2][-]{subsection.1.14}{Travel}{section.1}% 15
\BOOKMARK [2][-]{subsection.1.15}{Marijuana}{section.1}% 16
\BOOKMARK [2][-]{subsection.1.16}{Latitude}{section.1}% 17
\BOOKMARK [2][-]{subsection.1.17}{Scatterplots}{section.1}% 18
\BOOKMARK [2][-]{subsection.1.18}{Triangles}{section.1}% 19
\BOOKMARK [2][-]{subsection.1.19}{Population}{section.1}% 20
\BOOKMARK [2][-]{subsection.1.20}{Surface area}{section.1}% 21
\BOOKMARK [2][-]{subsection.1.21}{Beer}{section.1}% 22
\BOOKMARK [2][-]{subsection.1.22}{Cars}{section.1}% 23
\BOOKMARK [2][-]{subsection.1.23}{Restaurants}{section.1}% 24
\BOOKMARK [2][-]{subsection.1.24}{Layovers}{section.1}% 25
\BOOKMARK [2][-]{subsection.1.25}{Delayed Choice}{section.1}% 26
\BOOKMARK [2][-]{subsection.1.26}{Phone plans}{section.1}% 27
\BOOKMARK [2][-]{subsection.1.27}{Hotel rooms}{section.1}% 28
\BOOKMARK [2][-]{subsection.1.28}{Objects with multiple attributes}{section.1}% 29
\BOOKMARK [3][-]{subsubsection.1.28.1}{Flight itineraries}{subsection.1.28}% 30
\BOOKMARK [2][-]{subsection.1.29}{Televisions}{section.1}% 31
\BOOKMARK [2][-]{subsection.1.30}{Coffee}{section.1}% 32
\BOOKMARK [2][-]{subsection.1.31}{Charity}{section.1}% 33
\BOOKMARK [1][-]{section.2}{Participant comments}{}% 34
